[0.013s] Invoking command in '/home/vini/ros2_ws/build/navigation': CMAKE_PREFIX_PATH=/home/vini/ros2_ws/install/four_wheel_robot_description:/home/vini/ros2_ws/install/bringup:/home/vini/ros2_ws/install/slam_package:/home/vini/ros2_ws/install/navigation:/home/vini/ros2_ws/install/localization:/opt/ros/humble /usr/bin/cmake --build /home/vini/ros2_ws/build/navigation -- -j8 -l8
[0.051s] Invoked command in '/home/vini/ros2_ws/build/navigation' returned '0': CMAKE_PREFIX_PATH=/home/vini/ros2_ws/install/four_wheel_robot_description:/home/vini/ros2_ws/install/bringup:/home/vini/ros2_ws/install/slam_package:/home/vini/ros2_ws/install/navigation:/home/vini/ros2_ws/install/localization:/opt/ros/humble /usr/bin/cmake --build /home/vini/ros2_ws/build/navigation -- -j8 -l8
[0.054s] Invoking command in '/home/vini/ros2_ws/build/navigation': CMAKE_PREFIX_PATH=/home/vini/ros2_ws/install/four_wheel_robot_description:/home/vini/ros2_ws/install/bringup:/home/vini/ros2_ws/install/slam_package:/home/vini/ros2_ws/install/navigation:/home/vini/ros2_ws/install/localization:/opt/ros/humble /usr/bin/cmake --install /home/vini/ros2_ws/build/navigation
[0.059s] -- Install configuration: ""
[0.064s] -- Execute custom install script
[0.065s] -- Up-to-date symlink: /home/vini/ros2_ws/install/navigation/share/navigation/launch/navigation.launch.py
[0.065s] -- Up-to-date symlink: /home/vini/ros2_ws/install/navigation/share/navigation/config/costmap.yaml
[0.065s] -- Up-to-date symlink: /home/vini/ros2_ws/install/navigation/share/navigation/config/nav2_params.yaml
[0.065s] -- Up-to-date symlink: /home/vini/ros2_ws/install/navigation/share/navigation/config/navigation.rviz
[0.066s] -- Up-to-date symlink: /home/vini/ros2_ws/install/navigation/share/ament_index/resource_index/package_run_dependencies/navigation
[0.066s] -- Up-to-date symlink: /home/vini/ros2_ws/install/navigation/share/ament_index/resource_index/parent_prefix_path/navigation
[0.066s] -- Up-to-date symlink: /home/vini/ros2_ws/install/navigation/share/navigation/environment/ament_prefix_path.sh
[0.066s] -- Up-to-date symlink: /home/vini/ros2_ws/install/navigation/share/navigation/environment/ament_prefix_path.dsv
[0.066s] -- Up-to-date symlink: /home/vini/ros2_ws/install/navigation/share/navigation/environment/path.sh
[0.066s] -- Up-to-date symlink: /home/vini/ros2_ws/install/navigation/share/navigation/environment/path.dsv
[0.066s] -- Up-to-date symlink: /home/vini/ros2_ws/install/navigation/share/navigation/local_setup.bash
[0.067s] -- Up-to-date symlink: /home/vini/ros2_ws/install/navigation/share/navigation/local_setup.sh
[0.067s] -- Up-to-date symlink: /home/vini/ros2_ws/install/navigation/share/navigation/local_setup.zsh
[0.067s] -- Up-to-date symlink: /home/vini/ros2_ws/install/navigation/share/navigation/local_setup.dsv
[0.067s] -- Symlinking: /home/vini/ros2_ws/install/navigation/share/navigation/package.dsv
[0.074s] -- Up-to-date symlink: /home/vini/ros2_ws/install/navigation/share/ament_index/resource_index/packages/navigation
[0.074s] -- Up-to-date symlink: /home/vini/ros2_ws/install/navigation/share/navigation/cmake/navigationConfig.cmake
[0.075s] -- Up-to-date symlink: /home/vini/ros2_ws/install/navigation/share/navigation/cmake/navigationConfig-version.cmake
[0.075s] -- Up-to-date symlink: /home/vini/ros2_ws/install/navigation/share/navigation/package.xml
[0.085s] Invoked command in '/home/vini/ros2_ws/build/navigation' returned '0': CMAKE_PREFIX_PATH=/home/vini/ros2_ws/install/four_wheel_robot_description:/home/vini/ros2_ws/install/bringup:/home/vini/ros2_ws/install/slam_package:/home/vini/ros2_ws/install/navigation:/home/vini/ros2_ws/install/localization:/opt/ros/humble /usr/bin/cmake --install /home/vini/ros2_ws/build/navigation
