[0.117s] DEBUG:colcon:Command line arguments: ['/usr/bin/colcon', 'build', '--symlink-install']
[0.117s] DEBUG:colcon:Parsed command line arguments: Namespace(log_base=None, log_level=None, verb_name='build', build_base='build', install_base='install', merge_install=False, symlink_install=True, test_result_base=None, continue_on_error=False, executor='parallel', parallel_workers=8, event_handlers=None, ignore_user_meta=False, metas=['./colcon.meta'], base_paths=['.'], packages_ignore=None, packages_ignore_regex=None, paths=None, packages_up_to=None, packages_up_to_regex=None, packages_above=None, packages_above_and_dependencies=None, packages_above_depth=None, packages_select_by_dep=None, packages_skip_by_dep=None, packages_skip_up_to=None, packages_select_build_failed=False, packages_skip_build_finished=False, packages_select_test_failures=False, packages_skip_test_passed=False, packages_select=None, packages_skip=None, packages_select_regex=None, packages_skip_regex=None, packages_start=None, packages_end=None, allow_overriding=[], cmake_args=None, cmake_target=None, cmake_target_skip_unavailable=False, cmake_clean_cache=False, cmake_clean_first=False, cmake_force_configure=False, ament_cmake_args=None, catkin_cmake_args=None, catkin_skip_building_tests=False, verb_parser=<colcon_defaults.argument_parser.defaults.DefaultArgumentsDecorator object at 0x7c038a3dd150>, verb_extension=<colcon_core.verb.build.BuildVerb object at 0x7c038a4c2cb0>, main=<bound method BuildVerb.main of <colcon_core.verb.build.BuildVerb object at 0x7c038a4c2cb0>>)
[0.293s] Level 1:colcon.colcon_core.package_discovery:discover_packages(colcon_meta) check parameters
[0.293s] Level 1:colcon.colcon_core.package_discovery:discover_packages(recursive) check parameters
[0.293s] Level 1:colcon.colcon_core.package_discovery:discover_packages(ignore) check parameters
[0.293s] Level 1:colcon.colcon_core.package_discovery:discover_packages(path) check parameters
[0.293s] Level 1:colcon.colcon_core.package_discovery:discover_packages(colcon_meta) discover
[0.293s] Level 1:colcon.colcon_core.package_discovery:discover_packages(recursive) discover
[0.293s] INFO:colcon.colcon_core.package_discovery:Crawling recursively for packages in '/home/vini/ros2_ws'
[0.293s] Level 1:colcon.colcon_core.package_identification:_identify(.) by extensions ['ignore', 'ignore_ament_install']
[0.293s] Level 1:colcon.colcon_core.package_identification:_identify(.) by extension 'ignore'
[0.293s] Level 1:colcon.colcon_core.package_identification:_identify(.) by extension 'ignore_ament_install'
[0.293s] Level 1:colcon.colcon_core.package_identification:_identify(.) by extensions ['colcon_pkg']
[0.293s] Level 1:colcon.colcon_core.package_identification:_identify(.) by extension 'colcon_pkg'
[0.293s] Level 1:colcon.colcon_core.package_identification:_identify(.) by extensions ['colcon_meta']
[0.293s] Level 1:colcon.colcon_core.package_identification:_identify(.) by extension 'colcon_meta'
[0.293s] Level 1:colcon.colcon_core.package_identification:_identify(.) by extensions ['ros']
[0.293s] Level 1:colcon.colcon_core.package_identification:_identify(.) by extension 'ros'
[0.302s] Level 1:colcon.colcon_core.package_identification:_identify(.) by extensions ['cmake', 'python']
[0.302s] Level 1:colcon.colcon_core.package_identification:_identify(.) by extension 'cmake'
[0.303s] Level 1:colcon.colcon_core.package_identification:_identify(.) by extension 'python'
[0.303s] Level 1:colcon.colcon_core.package_identification:_identify(.) by extensions ['python_setup_py']
[0.303s] Level 1:colcon.colcon_core.package_identification:_identify(.) by extension 'python_setup_py'
[0.303s] Level 1:colcon.colcon_core.package_identification:_identify(build) by extensions ['ignore', 'ignore_ament_install']
[0.303s] Level 1:colcon.colcon_core.package_identification:_identify(build) by extension 'ignore'
[0.303s] Level 1:colcon.colcon_core.package_identification:_identify(build) ignored
[0.303s] Level 1:colcon.colcon_core.package_identification:_identify(install) by extensions ['ignore', 'ignore_ament_install']
[0.303s] Level 1:colcon.colcon_core.package_identification:_identify(install) by extension 'ignore'
[0.303s] Level 1:colcon.colcon_core.package_identification:_identify(install) ignored
[0.303s] Level 1:colcon.colcon_core.package_identification:_identify(log) by extensions ['ignore', 'ignore_ament_install']
[0.303s] Level 1:colcon.colcon_core.package_identification:_identify(log) by extension 'ignore'
[0.303s] Level 1:colcon.colcon_core.package_identification:_identify(log) ignored
[0.303s] Level 1:colcon.colcon_core.package_identification:_identify(src) by extensions ['ignore', 'ignore_ament_install']
[0.303s] Level 1:colcon.colcon_core.package_identification:_identify(src) by extension 'ignore'
[0.303s] Level 1:colcon.colcon_core.package_identification:_identify(src) by extension 'ignore_ament_install'
[0.303s] Level 1:colcon.colcon_core.package_identification:_identify(src) by extensions ['colcon_pkg']
[0.303s] Level 1:colcon.colcon_core.package_identification:_identify(src) by extension 'colcon_pkg'
[0.303s] Level 1:colcon.colcon_core.package_identification:_identify(src) by extensions ['colcon_meta']
[0.303s] Level 1:colcon.colcon_core.package_identification:_identify(src) by extension 'colcon_meta'
[0.303s] Level 1:colcon.colcon_core.package_identification:_identify(src) by extensions ['ros']
[0.303s] Level 1:colcon.colcon_core.package_identification:_identify(src) by extension 'ros'
[0.303s] Level 1:colcon.colcon_core.package_identification:_identify(src) by extensions ['cmake', 'python']
[0.303s] Level 1:colcon.colcon_core.package_identification:_identify(src) by extension 'cmake'
[0.304s] Level 1:colcon.colcon_core.package_identification:_identify(src) by extension 'python'
[0.304s] Level 1:colcon.colcon_core.package_identification:_identify(src) by extensions ['python_setup_py']
[0.304s] Level 1:colcon.colcon_core.package_identification:_identify(src) by extension 'python_setup_py'
[0.304s] Level 1:colcon.colcon_core.package_identification:_identify(src/bringup) by extensions ['ignore', 'ignore_ament_install']
[0.304s] Level 1:colcon.colcon_core.package_identification:_identify(src/bringup) by extension 'ignore'
[0.304s] Level 1:colcon.colcon_core.package_identification:_identify(src/bringup) by extension 'ignore_ament_install'
[0.304s] Level 1:colcon.colcon_core.package_identification:_identify(src/bringup) by extensions ['colcon_pkg']
[0.304s] Level 1:colcon.colcon_core.package_identification:_identify(src/bringup) by extension 'colcon_pkg'
[0.304s] Level 1:colcon.colcon_core.package_identification:_identify(src/bringup) by extensions ['colcon_meta']
[0.304s] Level 1:colcon.colcon_core.package_identification:_identify(src/bringup) by extension 'colcon_meta'
[0.304s] Level 1:colcon.colcon_core.package_identification:_identify(src/bringup) by extensions ['ros']
[0.304s] Level 1:colcon.colcon_core.package_identification:_identify(src/bringup) by extension 'ros'
[0.306s] DEBUG:colcon.colcon_core.package_identification:Package 'src/bringup' with type 'ros.ament_cmake' and name 'bringup'
[0.306s] Level 1:colcon.colcon_core.package_identification:_identify(src/four_wheel_robot_description) by extensions ['ignore', 'ignore_ament_install']
[0.307s] Level 1:colcon.colcon_core.package_identification:_identify(src/four_wheel_robot_description) by extension 'ignore'
[0.307s] Level 1:colcon.colcon_core.package_identification:_identify(src/four_wheel_robot_description) by extension 'ignore_ament_install'
[0.307s] Level 1:colcon.colcon_core.package_identification:_identify(src/four_wheel_robot_description) by extensions ['colcon_pkg']
[0.307s] Level 1:colcon.colcon_core.package_identification:_identify(src/four_wheel_robot_description) by extension 'colcon_pkg'
[0.307s] Level 1:colcon.colcon_core.package_identification:_identify(src/four_wheel_robot_description) by extensions ['colcon_meta']
[0.307s] Level 1:colcon.colcon_core.package_identification:_identify(src/four_wheel_robot_description) by extension 'colcon_meta'
[0.307s] Level 1:colcon.colcon_core.package_identification:_identify(src/four_wheel_robot_description) by extensions ['ros']
[0.307s] Level 1:colcon.colcon_core.package_identification:_identify(src/four_wheel_robot_description) by extension 'ros'
[0.308s] DEBUG:colcon.colcon_core.package_identification:Package 'src/four_wheel_robot_description' with type 'ros.ament_cmake' and name 'four_wheel_robot_description'
[0.308s] Level 1:colcon.colcon_core.package_identification:_identify(src/localization) by extensions ['ignore', 'ignore_ament_install']
[0.308s] Level 1:colcon.colcon_core.package_identification:_identify(src/localization) by extension 'ignore'
[0.308s] Level 1:colcon.colcon_core.package_identification:_identify(src/localization) by extension 'ignore_ament_install'
[0.308s] Level 1:colcon.colcon_core.package_identification:_identify(src/localization) by extensions ['colcon_pkg']
[0.308s] Level 1:colcon.colcon_core.package_identification:_identify(src/localization) by extension 'colcon_pkg'
[0.308s] Level 1:colcon.colcon_core.package_identification:_identify(src/localization) by extensions ['colcon_meta']
[0.308s] Level 1:colcon.colcon_core.package_identification:_identify(src/localization) by extension 'colcon_meta'
[0.308s] Level 1:colcon.colcon_core.package_identification:_identify(src/localization) by extensions ['ros']
[0.308s] Level 1:colcon.colcon_core.package_identification:_identify(src/localization) by extension 'ros'
[0.309s] DEBUG:colcon.colcon_core.package_identification:Package 'src/localization' with type 'ros.ament_cmake' and name 'localization'
[0.309s] Level 1:colcon.colcon_core.package_identification:_identify(src/navigation) by extensions ['ignore', 'ignore_ament_install']
[0.309s] Level 1:colcon.colcon_core.package_identification:_identify(src/navigation) by extension 'ignore'
[0.309s] Level 1:colcon.colcon_core.package_identification:_identify(src/navigation) by extension 'ignore_ament_install'
[0.309s] Level 1:colcon.colcon_core.package_identification:_identify(src/navigation) by extensions ['colcon_pkg']
[0.309s] Level 1:colcon.colcon_core.package_identification:_identify(src/navigation) by extension 'colcon_pkg'
[0.310s] Level 1:colcon.colcon_core.package_identification:_identify(src/navigation) by extensions ['colcon_meta']
[0.310s] Level 1:colcon.colcon_core.package_identification:_identify(src/navigation) by extension 'colcon_meta'
[0.310s] Level 1:colcon.colcon_core.package_identification:_identify(src/navigation) by extensions ['ros']
[0.310s] Level 1:colcon.colcon_core.package_identification:_identify(src/navigation) by extension 'ros'
[0.310s] DEBUG:colcon.colcon_core.package_identification:Package 'src/navigation' with type 'ros.ament_cmake' and name 'navigation'
[0.311s] Level 1:colcon.colcon_core.package_identification:_identify(src/slam_package) by extensions ['ignore', 'ignore_ament_install']
[0.311s] Level 1:colcon.colcon_core.package_identification:_identify(src/slam_package) by extension 'ignore'
[0.311s] Level 1:colcon.colcon_core.package_identification:_identify(src/slam_package) by extension 'ignore_ament_install'
[0.311s] Level 1:colcon.colcon_core.package_identification:_identify(src/slam_package) by extensions ['colcon_pkg']
[0.311s] Level 1:colcon.colcon_core.package_identification:_identify(src/slam_package) by extension 'colcon_pkg'
[0.311s] Level 1:colcon.colcon_core.package_identification:_identify(src/slam_package) by extensions ['colcon_meta']
[0.311s] Level 1:colcon.colcon_core.package_identification:_identify(src/slam_package) by extension 'colcon_meta'
[0.311s] Level 1:colcon.colcon_core.package_identification:_identify(src/slam_package) by extensions ['ros']
[0.311s] Level 1:colcon.colcon_core.package_identification:_identify(src/slam_package) by extension 'ros'
[0.311s] DEBUG:colcon.colcon_core.package_identification:Package 'src/slam_package' with type 'ros.ament_cmake' and name 'slam_package'
[0.311s] Level 1:colcon.colcon_core.package_discovery:discover_packages(recursive) using defaults
[0.311s] Level 1:colcon.colcon_core.package_discovery:discover_packages(ignore) discover
[0.311s] Level 1:colcon.colcon_core.package_discovery:discover_packages(ignore) using defaults
[0.312s] Level 1:colcon.colcon_core.package_discovery:discover_packages(path) discover
[0.312s] Level 1:colcon.colcon_core.package_discovery:discover_packages(path) using defaults
[0.342s] Level 1:colcon.colcon_core.package_discovery:discover_packages(prefix_path) check parameters
[0.342s] Level 1:colcon.colcon_core.package_discovery:discover_packages(prefix_path) discover
[0.344s] DEBUG:colcon.colcon_installed_package_information.package_discovery:Found 387 installed packages in /opt/ros/humble
[0.346s] Level 1:colcon.colcon_core.package_discovery:discover_packages(prefix_path) using defaults
[0.380s] Level 5:colcon.colcon_core.verb:set package 'four_wheel_robot_description' build argument 'cmake_args' from command line to 'None'
[0.380s] Level 5:colcon.colcon_core.verb:set package 'four_wheel_robot_description' build argument 'cmake_target' from command line to 'None'
[0.380s] Level 5:colcon.colcon_core.verb:set package 'four_wheel_robot_description' build argument 'cmake_target_skip_unavailable' from command line to 'False'
[0.380s] Level 5:colcon.colcon_core.verb:set package 'four_wheel_robot_description' build argument 'cmake_clean_cache' from command line to 'False'
[0.380s] Level 5:colcon.colcon_core.verb:set package 'four_wheel_robot_description' build argument 'cmake_clean_first' from command line to 'False'
[0.380s] Level 5:colcon.colcon_core.verb:set package 'four_wheel_robot_description' build argument 'cmake_force_configure' from command line to 'False'
[0.380s] Level 5:colcon.colcon_core.verb:set package 'four_wheel_robot_description' build argument 'ament_cmake_args' from command line to 'None'
[0.380s] Level 5:colcon.colcon_core.verb:set package 'four_wheel_robot_description' build argument 'catkin_cmake_args' from command line to 'None'
[0.380s] Level 5:colcon.colcon_core.verb:set package 'four_wheel_robot_description' build argument 'catkin_skip_building_tests' from command line to 'False'
[0.380s] DEBUG:colcon.colcon_core.verb:Building package 'four_wheel_robot_description' with the following arguments: {'ament_cmake_args': None, 'build_base': '/home/vini/ros2_ws/build/four_wheel_robot_description', 'catkin_cmake_args': None, 'catkin_skip_building_tests': False, 'cmake_args': None, 'cmake_clean_cache': False, 'cmake_clean_first': False, 'cmake_force_configure': False, 'cmake_target': None, 'cmake_target_skip_unavailable': False, 'install_base': '/home/vini/ros2_ws/install/four_wheel_robot_description', 'merge_install': False, 'path': '/home/vini/ros2_ws/src/four_wheel_robot_description', 'symlink_install': True, 'test_result_base': None}
[0.381s] Level 5:colcon.colcon_core.verb:set package 'localization' build argument 'cmake_args' from command line to 'None'
[0.381s] Level 5:colcon.colcon_core.verb:set package 'localization' build argument 'cmake_target' from command line to 'None'
[0.381s] Level 5:colcon.colcon_core.verb:set package 'localization' build argument 'cmake_target_skip_unavailable' from command line to 'False'
[0.381s] Level 5:colcon.colcon_core.verb:set package 'localization' build argument 'cmake_clean_cache' from command line to 'False'
[0.381s] Level 5:colcon.colcon_core.verb:set package 'localization' build argument 'cmake_clean_first' from command line to 'False'
[0.381s] Level 5:colcon.colcon_core.verb:set package 'localization' build argument 'cmake_force_configure' from command line to 'False'
[0.381s] Level 5:colcon.colcon_core.verb:set package 'localization' build argument 'ament_cmake_args' from command line to 'None'
[0.381s] Level 5:colcon.colcon_core.verb:set package 'localization' build argument 'catkin_cmake_args' from command line to 'None'
[0.381s] Level 5:colcon.colcon_core.verb:set package 'localization' build argument 'catkin_skip_building_tests' from command line to 'False'
[0.381s] DEBUG:colcon.colcon_core.verb:Building package 'localization' with the following arguments: {'ament_cmake_args': None, 'build_base': '/home/vini/ros2_ws/build/localization', 'catkin_cmake_args': None, 'catkin_skip_building_tests': False, 'cmake_args': None, 'cmake_clean_cache': False, 'cmake_clean_first': False, 'cmake_force_configure': False, 'cmake_target': None, 'cmake_target_skip_unavailable': False, 'install_base': '/home/vini/ros2_ws/install/localization', 'merge_install': False, 'path': '/home/vini/ros2_ws/src/localization', 'symlink_install': True, 'test_result_base': None}
[0.381s] Level 5:colcon.colcon_core.verb:set package 'navigation' build argument 'cmake_args' from command line to 'None'
[0.381s] Level 5:colcon.colcon_core.verb:set package 'navigation' build argument 'cmake_target' from command line to 'None'
[0.381s] Level 5:colcon.colcon_core.verb:set package 'navigation' build argument 'cmake_target_skip_unavailable' from command line to 'False'
[0.381s] Level 5:colcon.colcon_core.verb:set package 'navigation' build argument 'cmake_clean_cache' from command line to 'False'
[0.381s] Level 5:colcon.colcon_core.verb:set package 'navigation' build argument 'cmake_clean_first' from command line to 'False'
[0.381s] Level 5:colcon.colcon_core.verb:set package 'navigation' build argument 'cmake_force_configure' from command line to 'False'
[0.381s] Level 5:colcon.colcon_core.verb:set package 'navigation' build argument 'ament_cmake_args' from command line to 'None'
[0.381s] Level 5:colcon.colcon_core.verb:set package 'navigation' build argument 'catkin_cmake_args' from command line to 'None'
[0.381s] Level 5:colcon.colcon_core.verb:set package 'navigation' build argument 'catkin_skip_building_tests' from command line to 'False'
[0.381s] DEBUG:colcon.colcon_core.verb:Building package 'navigation' with the following arguments: {'ament_cmake_args': None, 'build_base': '/home/vini/ros2_ws/build/navigation', 'catkin_cmake_args': None, 'catkin_skip_building_tests': False, 'cmake_args': None, 'cmake_clean_cache': False, 'cmake_clean_first': False, 'cmake_force_configure': False, 'cmake_target': None, 'cmake_target_skip_unavailable': False, 'install_base': '/home/vini/ros2_ws/install/navigation', 'merge_install': False, 'path': '/home/vini/ros2_ws/src/navigation', 'symlink_install': True, 'test_result_base': None}
[0.382s] Level 5:colcon.colcon_core.verb:set package 'slam_package' build argument 'cmake_args' from command line to 'None'
[0.382s] Level 5:colcon.colcon_core.verb:set package 'slam_package' build argument 'cmake_target' from command line to 'None'
[0.382s] Level 5:colcon.colcon_core.verb:set package 'slam_package' build argument 'cmake_target_skip_unavailable' from command line to 'False'
[0.382s] Level 5:colcon.colcon_core.verb:set package 'slam_package' build argument 'cmake_clean_cache' from command line to 'False'
[0.382s] Level 5:colcon.colcon_core.verb:set package 'slam_package' build argument 'cmake_clean_first' from command line to 'False'
[0.382s] Level 5:colcon.colcon_core.verb:set package 'slam_package' build argument 'cmake_force_configure' from command line to 'False'
[0.382s] Level 5:colcon.colcon_core.verb:set package 'slam_package' build argument 'ament_cmake_args' from command line to 'None'
[0.382s] Level 5:colcon.colcon_core.verb:set package 'slam_package' build argument 'catkin_cmake_args' from command line to 'None'
[0.382s] Level 5:colcon.colcon_core.verb:set package 'slam_package' build argument 'catkin_skip_building_tests' from command line to 'False'
[0.382s] DEBUG:colcon.colcon_core.verb:Building package 'slam_package' with the following arguments: {'ament_cmake_args': None, 'build_base': '/home/vini/ros2_ws/build/slam_package', 'catkin_cmake_args': None, 'catkin_skip_building_tests': False, 'cmake_args': None, 'cmake_clean_cache': False, 'cmake_clean_first': False, 'cmake_force_configure': False, 'cmake_target': None, 'cmake_target_skip_unavailable': False, 'install_base': '/home/vini/ros2_ws/install/slam_package', 'merge_install': False, 'path': '/home/vini/ros2_ws/src/slam_package', 'symlink_install': True, 'test_result_base': None}
[0.382s] Level 5:colcon.colcon_core.verb:set package 'bringup' build argument 'cmake_args' from command line to 'None'
[0.382s] Level 5:colcon.colcon_core.verb:set package 'bringup' build argument 'cmake_target' from command line to 'None'
[0.382s] Level 5:colcon.colcon_core.verb:set package 'bringup' build argument 'cmake_target_skip_unavailable' from command line to 'False'
[0.382s] Level 5:colcon.colcon_core.verb:set package 'bringup' build argument 'cmake_clean_cache' from command line to 'False'
[0.382s] Level 5:colcon.colcon_core.verb:set package 'bringup' build argument 'cmake_clean_first' from command line to 'False'
[0.382s] Level 5:colcon.colcon_core.verb:set package 'bringup' build argument 'cmake_force_configure' from command line to 'False'
[0.382s] Level 5:colcon.colcon_core.verb:set package 'bringup' build argument 'ament_cmake_args' from command line to 'None'
[0.382s] Level 5:colcon.colcon_core.verb:set package 'bringup' build argument 'catkin_cmake_args' from command line to 'None'
[0.382s] Level 5:colcon.colcon_core.verb:set package 'bringup' build argument 'catkin_skip_building_tests' from command line to 'False'
[0.382s] DEBUG:colcon.colcon_core.verb:Building package 'bringup' with the following arguments: {'ament_cmake_args': None, 'build_base': '/home/vini/ros2_ws/build/bringup', 'catkin_cmake_args': None, 'catkin_skip_building_tests': False, 'cmake_args': None, 'cmake_clean_cache': False, 'cmake_clean_first': False, 'cmake_force_configure': False, 'cmake_target': None, 'cmake_target_skip_unavailable': False, 'install_base': '/home/vini/ros2_ws/install/bringup', 'merge_install': False, 'path': '/home/vini/ros2_ws/src/bringup', 'symlink_install': True, 'test_result_base': None}
[0.382s] INFO:colcon.colcon_core.executor:Executing jobs using 'parallel' executor
[0.383s] DEBUG:colcon.colcon_parallel_executor.executor.parallel:run_until_complete
[0.383s] INFO:colcon.colcon_ros.task.ament_cmake.build:Building ROS package in '/home/vini/ros2_ws/src/four_wheel_robot_description' with build type 'ament_cmake'
[0.383s] INFO:colcon.colcon_cmake.task.cmake.build:Building CMake package in '/home/vini/ros2_ws/src/four_wheel_robot_description'
[0.386s] INFO:colcon.colcon_core.plugin_system:Skipping extension 'colcon_core.shell.bat': Not used on non-Windows systems
[0.386s] INFO:colcon.colcon_core.shell:Skip shell extension 'powershell' for command environment: Not usable outside of PowerShell
[0.386s] DEBUG:colcon.colcon_core.shell:Skip shell extension 'dsv' for command environment
[0.396s] DEBUG:colcon.colcon_core.event_handler.log_command:Invoking command in '/home/vini/ros2_ws/build/four_wheel_robot_description': CMAKE_PREFIX_PATH=/opt/ros/humble /usr/bin/cmake --build /home/vini/ros2_ws/build/four_wheel_robot_description -- -j8 -l8
[0.677s] DEBUG:colcon.colcon_core.event_handler.log_command:Invoked command in '/home/vini/ros2_ws/build/four_wheel_robot_description' returned '0': CMAKE_PREFIX_PATH=/opt/ros/humble /usr/bin/cmake --build /home/vini/ros2_ws/build/four_wheel_robot_description -- -j8 -l8
[0.685s] DEBUG:colcon.colcon_core.event_handler.log_command:Invoking command in '/home/vini/ros2_ws/build/four_wheel_robot_description': CMAKE_PREFIX_PATH=/opt/ros/humble /usr/bin/cmake --install /home/vini/ros2_ws/build/four_wheel_robot_description
[0.704s] Level 1:colcon.colcon_core.environment:create_environment_scripts_only(four_wheel_robot_description)
[0.704s] DEBUG:colcon.colcon_core.event_handler.log_command:Invoked command in '/home/vini/ros2_ws/build/four_wheel_robot_description' returned '0': CMAKE_PREFIX_PATH=/opt/ros/humble /usr/bin/cmake --install /home/vini/ros2_ws/build/four_wheel_robot_description
[0.707s] Level 1:colcon.colcon_core.environment:checking '/home/vini/ros2_ws/install/four_wheel_robot_description' for CMake module files
[0.707s] Level 1:colcon.colcon_core.environment:checking '/home/vini/ros2_ws/install/four_wheel_robot_description' for CMake config files
[0.708s] Level 1:colcon.colcon_core.shell:create_environment_hook('four_wheel_robot_description', 'cmake_prefix_path')
[0.708s] INFO:colcon.colcon_core.shell:Creating environment hook '/home/vini/ros2_ws/install/four_wheel_robot_description/share/four_wheel_robot_description/hook/cmake_prefix_path.ps1'
[0.709s] INFO:colcon.colcon_core.shell:Creating environment descriptor '/home/vini/ros2_ws/install/four_wheel_robot_description/share/four_wheel_robot_description/hook/cmake_prefix_path.dsv'
[0.710s] INFO:colcon.colcon_core.shell:Creating environment hook '/home/vini/ros2_ws/install/four_wheel_robot_description/share/four_wheel_robot_description/hook/cmake_prefix_path.sh'
[0.710s] Level 1:colcon.colcon_core.environment:checking '/home/vini/ros2_ws/install/four_wheel_robot_description/bin'
[0.710s] Level 1:colcon.colcon_core.environment:checking '/home/vini/ros2_ws/install/four_wheel_robot_description/lib/pkgconfig/four_wheel_robot_description.pc'
[0.711s] Level 1:colcon.colcon_core.environment:checking '/home/vini/ros2_ws/install/four_wheel_robot_description/lib/python3.10/site-packages'
[0.711s] Level 1:colcon.colcon_core.environment:checking '/home/vini/ros2_ws/install/four_wheel_robot_description/bin'
[0.711s] INFO:colcon.colcon_core.shell:Creating package script '/home/vini/ros2_ws/install/four_wheel_robot_description/share/four_wheel_robot_description/package.ps1'
[0.713s] INFO:colcon.colcon_core.shell:Creating package descriptor '/home/vini/ros2_ws/install/four_wheel_robot_description/share/four_wheel_robot_description/package.dsv'
[0.713s] INFO:colcon.colcon_core.shell:Creating package script '/home/vini/ros2_ws/install/four_wheel_robot_description/share/four_wheel_robot_description/package.sh'
[0.714s] INFO:colcon.colcon_core.shell:Creating package script '/home/vini/ros2_ws/install/four_wheel_robot_description/share/four_wheel_robot_description/package.bash'
[0.714s] INFO:colcon.colcon_core.shell:Creating package script '/home/vini/ros2_ws/install/four_wheel_robot_description/share/four_wheel_robot_description/package.zsh'
[0.715s] Level 1:colcon.colcon_core.environment:create_file_with_runtime_dependencies(/home/vini/ros2_ws/install/four_wheel_robot_description/share/colcon-core/packages/four_wheel_robot_description)
[0.716s] Level 1:colcon.colcon_core.environment:create_environment_scripts_only(four_wheel_robot_description)
[0.716s] Level 1:colcon.colcon_core.environment:checking '/home/vini/ros2_ws/install/four_wheel_robot_description' for CMake module files
[0.716s] Level 1:colcon.colcon_core.environment:checking '/home/vini/ros2_ws/install/four_wheel_robot_description' for CMake config files
[0.716s] Level 1:colcon.colcon_core.shell:create_environment_hook('four_wheel_robot_description', 'cmake_prefix_path')
[0.717s] INFO:colcon.colcon_core.shell:Creating environment hook '/home/vini/ros2_ws/install/four_wheel_robot_description/share/four_wheel_robot_description/hook/cmake_prefix_path.ps1'
[0.717s] INFO:colcon.colcon_core.shell:Creating environment descriptor '/home/vini/ros2_ws/install/four_wheel_robot_description/share/four_wheel_robot_description/hook/cmake_prefix_path.dsv'
[0.717s] INFO:colcon.colcon_core.shell:Creating environment hook '/home/vini/ros2_ws/install/four_wheel_robot_description/share/four_wheel_robot_description/hook/cmake_prefix_path.sh'
[0.718s] Level 1:colcon.colcon_core.environment:checking '/home/vini/ros2_ws/install/four_wheel_robot_description/bin'
[0.718s] Level 1:colcon.colcon_core.environment:checking '/home/vini/ros2_ws/install/four_wheel_robot_description/lib/pkgconfig/four_wheel_robot_description.pc'
[0.718s] Level 1:colcon.colcon_core.environment:checking '/home/vini/ros2_ws/install/four_wheel_robot_description/lib/python3.10/site-packages'
[0.719s] Level 1:colcon.colcon_core.environment:checking '/home/vini/ros2_ws/install/four_wheel_robot_description/bin'
[0.719s] INFO:colcon.colcon_core.shell:Creating package script '/home/vini/ros2_ws/install/four_wheel_robot_description/share/four_wheel_robot_description/package.ps1'
[0.720s] INFO:colcon.colcon_core.shell:Creating package descriptor '/home/vini/ros2_ws/install/four_wheel_robot_description/share/four_wheel_robot_description/package.dsv'
[0.720s] INFO:colcon.colcon_core.shell:Creating package script '/home/vini/ros2_ws/install/four_wheel_robot_description/share/four_wheel_robot_description/package.sh'
[0.720s] INFO:colcon.colcon_core.shell:Creating package script '/home/vini/ros2_ws/install/four_wheel_robot_description/share/four_wheel_robot_description/package.bash'
[0.721s] INFO:colcon.colcon_core.shell:Creating package script '/home/vini/ros2_ws/install/four_wheel_robot_description/share/four_wheel_robot_description/package.zsh'
[0.721s] Level 1:colcon.colcon_core.environment:create_file_with_runtime_dependencies(/home/vini/ros2_ws/install/four_wheel_robot_description/share/colcon-core/packages/four_wheel_robot_description)
[0.721s] INFO:colcon.colcon_ros.task.ament_cmake.build:Building ROS package in '/home/vini/ros2_ws/src/localization' with build type 'ament_cmake'
[0.721s] INFO:colcon.colcon_cmake.task.cmake.build:Building CMake package in '/home/vini/ros2_ws/src/localization'
[0.722s] INFO:colcon.colcon_core.shell:Skip shell extension 'powershell' for command environment: Not usable outside of PowerShell
[0.722s] DEBUG:colcon.colcon_core.shell:Skip shell extension 'dsv' for command environment
[0.725s] INFO:colcon.colcon_ros.task.ament_cmake.build:Building ROS package in '/home/vini/ros2_ws/src/navigation' with build type 'ament_cmake'
[0.725s] INFO:colcon.colcon_cmake.task.cmake.build:Building CMake package in '/home/vini/ros2_ws/src/navigation'
[0.726s] INFO:colcon.colcon_core.shell:Skip shell extension 'powershell' for command environment: Not usable outside of PowerShell
[0.726s] DEBUG:colcon.colcon_core.shell:Skip shell extension 'dsv' for command environment
[0.730s] INFO:colcon.colcon_ros.task.ament_cmake.build:Building ROS package in '/home/vini/ros2_ws/src/slam_package' with build type 'ament_cmake'
[0.730s] INFO:colcon.colcon_cmake.task.cmake.build:Building CMake package in '/home/vini/ros2_ws/src/slam_package'
[0.730s] INFO:colcon.colcon_core.shell:Skip shell extension 'powershell' for command environment: Not usable outside of PowerShell
[0.730s] DEBUG:colcon.colcon_core.shell:Skip shell extension 'dsv' for command environment
[0.736s] DEBUG:colcon.colcon_core.event_handler.log_command:Invoking command in '/home/vini/ros2_ws/build/localization': AMENT_PREFIX_PATH=/home/vini/ros2_ws/install/four_wheel_robot_description:${AMENT_PREFIX_PATH} CMAKE_PREFIX_PATH=/home/vini/ros2_ws/install/four_wheel_robot_description:/opt/ros/humble /usr/bin/cmake --build /home/vini/ros2_ws/build/localization -- -j8 -l8
[0.739s] DEBUG:colcon.colcon_core.event_handler.log_command:Invoking command in '/home/vini/ros2_ws/build/navigation': AMENT_PREFIX_PATH=/home/vini/ros2_ws/install/four_wheel_robot_description:${AMENT_PREFIX_PATH} CMAKE_PREFIX_PATH=/home/vini/ros2_ws/install/four_wheel_robot_description:/opt/ros/humble /usr/bin/cmake --build /home/vini/ros2_ws/build/navigation -- -j8 -l8
[0.746s] DEBUG:colcon.colcon_core.event_handler.log_command:Invoking command in '/home/vini/ros2_ws/build/slam_package': AMENT_PREFIX_PATH=/home/vini/ros2_ws/install/four_wheel_robot_description:${AMENT_PREFIX_PATH} CMAKE_PREFIX_PATH=/home/vini/ros2_ws/install/four_wheel_robot_description:/opt/ros/humble /usr/bin/cmake --build /home/vini/ros2_ws/build/slam_package -- -j8 -l8
[0.774s] DEBUG:colcon.colcon_core.event_handler.log_command:Invoked command in '/home/vini/ros2_ws/build/localization' returned '0': AMENT_PREFIX_PATH=/home/vini/ros2_ws/install/four_wheel_robot_description:${AMENT_PREFIX_PATH} CMAKE_PREFIX_PATH=/home/vini/ros2_ws/install/four_wheel_robot_description:/opt/ros/humble /usr/bin/cmake --build /home/vini/ros2_ws/build/localization -- -j8 -l8
[0.778s] DEBUG:colcon.colcon_core.event_handler.log_command:Invoking command in '/home/vini/ros2_ws/build/localization': AMENT_PREFIX_PATH=/home/vini/ros2_ws/install/four_wheel_robot_description:${AMENT_PREFIX_PATH} CMAKE_PREFIX_PATH=/home/vini/ros2_ws/install/four_wheel_robot_description:/opt/ros/humble /usr/bin/cmake --install /home/vini/ros2_ws/build/localization
[0.779s] DEBUG:colcon.colcon_core.event_handler.log_command:Invoked command in '/home/vini/ros2_ws/build/navigation' returned '0': AMENT_PREFIX_PATH=/home/vini/ros2_ws/install/four_wheel_robot_description:${AMENT_PREFIX_PATH} CMAKE_PREFIX_PATH=/home/vini/ros2_ws/install/four_wheel_robot_description:/opt/ros/humble /usr/bin/cmake --build /home/vini/ros2_ws/build/navigation -- -j8 -l8
[0.781s] DEBUG:colcon.colcon_core.event_handler.log_command:Invoking command in '/home/vini/ros2_ws/build/navigation': AMENT_PREFIX_PATH=/home/vini/ros2_ws/install/four_wheel_robot_description:${AMENT_PREFIX_PATH} CMAKE_PREFIX_PATH=/home/vini/ros2_ws/install/four_wheel_robot_description:/opt/ros/humble /usr/bin/cmake --install /home/vini/ros2_ws/build/navigation
[0.782s] DEBUG:colcon.colcon_core.event_handler.log_command:Invoked command in '/home/vini/ros2_ws/build/slam_package' returned '0': AMENT_PREFIX_PATH=/home/vini/ros2_ws/install/four_wheel_robot_description:${AMENT_PREFIX_PATH} CMAKE_PREFIX_PATH=/home/vini/ros2_ws/install/four_wheel_robot_description:/opt/ros/humble /usr/bin/cmake --build /home/vini/ros2_ws/build/slam_package -- -j8 -l8
[0.784s] DEBUG:colcon.colcon_core.event_handler.log_command:Invoking command in '/home/vini/ros2_ws/build/slam_package': AMENT_PREFIX_PATH=/home/vini/ros2_ws/install/four_wheel_robot_description:${AMENT_PREFIX_PATH} CMAKE_PREFIX_PATH=/home/vini/ros2_ws/install/four_wheel_robot_description:/opt/ros/humble /usr/bin/cmake --install /home/vini/ros2_ws/build/slam_package
[0.801s] Level 1:colcon.colcon_core.environment:create_environment_scripts_only(localization)
[0.801s] Level 1:colcon.colcon_core.environment:checking '/home/vini/ros2_ws/install/localization' for CMake module files
[0.802s] DEBUG:colcon.colcon_core.event_handler.log_command:Invoked command in '/home/vini/ros2_ws/build/localization' returned '0': AMENT_PREFIX_PATH=/home/vini/ros2_ws/install/four_wheel_robot_description:${AMENT_PREFIX_PATH} CMAKE_PREFIX_PATH=/home/vini/ros2_ws/install/four_wheel_robot_description:/opt/ros/humble /usr/bin/cmake --install /home/vini/ros2_ws/build/localization
[0.803s] Level 1:colcon.colcon_core.environment:checking '/home/vini/ros2_ws/install/localization' for CMake config files
[0.805s] Level 1:colcon.colcon_core.shell:create_environment_hook('localization', 'cmake_prefix_path')
[0.805s] INFO:colcon.colcon_core.shell:Creating environment hook '/home/vini/ros2_ws/install/localization/share/localization/hook/cmake_prefix_path.ps1'
[0.806s] INFO:colcon.colcon_core.shell:Creating environment descriptor '/home/vini/ros2_ws/install/localization/share/localization/hook/cmake_prefix_path.dsv'
[0.806s] INFO:colcon.colcon_core.shell:Creating environment hook '/home/vini/ros2_ws/install/localization/share/localization/hook/cmake_prefix_path.sh'
[0.807s] Level 1:colcon.colcon_core.environment:checking '/home/vini/ros2_ws/install/localization/bin'
[0.807s] Level 1:colcon.colcon_core.environment:checking '/home/vini/ros2_ws/install/localization/lib/pkgconfig/localization.pc'
[0.807s] Level 1:colcon.colcon_core.environment:checking '/home/vini/ros2_ws/install/localization/lib/python3.10/site-packages'
[0.808s] Level 1:colcon.colcon_core.environment:checking '/home/vini/ros2_ws/install/localization/bin'
[0.808s] INFO:colcon.colcon_core.shell:Creating package script '/home/vini/ros2_ws/install/localization/share/localization/package.ps1'
[0.809s] INFO:colcon.colcon_core.shell:Creating package descriptor '/home/vini/ros2_ws/install/localization/share/localization/package.dsv'
[0.809s] INFO:colcon.colcon_core.shell:Creating package script '/home/vini/ros2_ws/install/localization/share/localization/package.sh'
[0.809s] INFO:colcon.colcon_core.shell:Creating package script '/home/vini/ros2_ws/install/localization/share/localization/package.bash'
[0.810s] INFO:colcon.colcon_core.shell:Creating package script '/home/vini/ros2_ws/install/localization/share/localization/package.zsh'
[0.810s] Level 1:colcon.colcon_core.environment:create_file_with_runtime_dependencies(/home/vini/ros2_ws/install/localization/share/colcon-core/packages/localization)
[0.811s] Level 1:colcon.colcon_core.environment:create_environment_scripts_only(localization)
[0.811s] Level 1:colcon.colcon_core.environment:checking '/home/vini/ros2_ws/install/localization' for CMake module files
[0.812s] Level 1:colcon.colcon_core.environment:checking '/home/vini/ros2_ws/install/localization' for CMake config files
[0.812s] Level 1:colcon.colcon_core.shell:create_environment_hook('localization', 'cmake_prefix_path')
[0.813s] INFO:colcon.colcon_core.shell:Creating environment hook '/home/vini/ros2_ws/install/localization/share/localization/hook/cmake_prefix_path.ps1'
[0.813s] INFO:colcon.colcon_core.shell:Creating environment descriptor '/home/vini/ros2_ws/install/localization/share/localization/hook/cmake_prefix_path.dsv'
[0.813s] INFO:colcon.colcon_core.shell:Creating environment hook '/home/vini/ros2_ws/install/localization/share/localization/hook/cmake_prefix_path.sh'
[0.814s] Level 1:colcon.colcon_core.environment:checking '/home/vini/ros2_ws/install/localization/bin'
[0.814s] Level 1:colcon.colcon_core.environment:checking '/home/vini/ros2_ws/install/localization/lib/pkgconfig/localization.pc'
[0.815s] Level 1:colcon.colcon_core.environment:checking '/home/vini/ros2_ws/install/localization/lib/python3.10/site-packages'
[0.815s] Level 1:colcon.colcon_core.environment:checking '/home/vini/ros2_ws/install/localization/bin'
[0.815s] INFO:colcon.colcon_core.shell:Creating package script '/home/vini/ros2_ws/install/localization/share/localization/package.ps1'
[0.816s] INFO:colcon.colcon_core.shell:Creating package descriptor '/home/vini/ros2_ws/install/localization/share/localization/package.dsv'
[0.816s] INFO:colcon.colcon_core.shell:Creating package script '/home/vini/ros2_ws/install/localization/share/localization/package.sh'
[0.817s] INFO:colcon.colcon_core.shell:Creating package script '/home/vini/ros2_ws/install/localization/share/localization/package.bash'
[0.817s] INFO:colcon.colcon_core.shell:Creating package script '/home/vini/ros2_ws/install/localization/share/localization/package.zsh'
[0.817s] Level 1:colcon.colcon_core.environment:create_file_with_runtime_dependencies(/home/vini/ros2_ws/install/localization/share/colcon-core/packages/localization)
[0.818s] Level 1:colcon.colcon_core.environment:create_environment_scripts_only(navigation)
[0.819s] Level 1:colcon.colcon_core.environment:checking '/home/vini/ros2_ws/install/navigation' for CMake module files
[0.819s] DEBUG:colcon.colcon_core.event_handler.log_command:Invoked command in '/home/vini/ros2_ws/build/navigation' returned '0': AMENT_PREFIX_PATH=/home/vini/ros2_ws/install/four_wheel_robot_description:${AMENT_PREFIX_PATH} CMAKE_PREFIX_PATH=/home/vini/ros2_ws/install/four_wheel_robot_description:/opt/ros/humble /usr/bin/cmake --install /home/vini/ros2_ws/build/navigation
[0.819s] Level 1:colcon.colcon_core.environment:checking '/home/vini/ros2_ws/install/navigation' for CMake config files
[0.821s] Level 1:colcon.colcon_core.shell:create_environment_hook('navigation', 'cmake_prefix_path')
[0.821s] INFO:colcon.colcon_core.shell:Creating environment hook '/home/vini/ros2_ws/install/navigation/share/navigation/hook/cmake_prefix_path.ps1'
[0.822s] INFO:colcon.colcon_core.shell:Creating environment descriptor '/home/vini/ros2_ws/install/navigation/share/navigation/hook/cmake_prefix_path.dsv'
[0.822s] INFO:colcon.colcon_core.shell:Creating environment hook '/home/vini/ros2_ws/install/navigation/share/navigation/hook/cmake_prefix_path.sh'
[0.823s] Level 1:colcon.colcon_core.environment:checking '/home/vini/ros2_ws/install/navigation/bin'
[0.823s] Level 1:colcon.colcon_core.environment:checking '/home/vini/ros2_ws/install/navigation/lib/pkgconfig/navigation.pc'
[0.823s] Level 1:colcon.colcon_core.environment:checking '/home/vini/ros2_ws/install/navigation/lib/python3.10/site-packages'
[0.824s] Level 1:colcon.colcon_core.environment:checking '/home/vini/ros2_ws/install/navigation/bin'
[0.824s] INFO:colcon.colcon_core.shell:Creating package script '/home/vini/ros2_ws/install/navigation/share/navigation/package.ps1'
[0.824s] INFO:colcon.colcon_core.shell:Creating package descriptor '/home/vini/ros2_ws/install/navigation/share/navigation/package.dsv'
[0.825s] INFO:colcon.colcon_core.shell:Creating package script '/home/vini/ros2_ws/install/navigation/share/navigation/package.sh'
[0.825s] INFO:colcon.colcon_core.shell:Creating package script '/home/vini/ros2_ws/install/navigation/share/navigation/package.bash'
[0.825s] INFO:colcon.colcon_core.shell:Creating package script '/home/vini/ros2_ws/install/navigation/share/navigation/package.zsh'
[0.826s] Level 1:colcon.colcon_core.environment:create_file_with_runtime_dependencies(/home/vini/ros2_ws/install/navigation/share/colcon-core/packages/navigation)
[0.826s] Level 1:colcon.colcon_core.environment:create_environment_scripts_only(navigation)
[0.827s] Level 1:colcon.colcon_core.environment:checking '/home/vini/ros2_ws/install/navigation' for CMake module files
[0.827s] Level 1:colcon.colcon_core.environment:checking '/home/vini/ros2_ws/install/navigation' for CMake config files
[0.827s] Level 1:colcon.colcon_core.shell:create_environment_hook('navigation', 'cmake_prefix_path')
[0.828s] INFO:colcon.colcon_core.shell:Creating environment hook '/home/vini/ros2_ws/install/navigation/share/navigation/hook/cmake_prefix_path.ps1'
[0.828s] INFO:colcon.colcon_core.shell:Creating environment descriptor '/home/vini/ros2_ws/install/navigation/share/navigation/hook/cmake_prefix_path.dsv'
[0.829s] INFO:colcon.colcon_core.shell:Creating environment hook '/home/vini/ros2_ws/install/navigation/share/navigation/hook/cmake_prefix_path.sh'
[0.829s] Level 1:colcon.colcon_core.environment:checking '/home/vini/ros2_ws/install/navigation/bin'
[0.829s] Level 1:colcon.colcon_core.environment:checking '/home/vini/ros2_ws/install/navigation/lib/pkgconfig/navigation.pc'
[0.829s] Level 1:colcon.colcon_core.environment:checking '/home/vini/ros2_ws/install/navigation/lib/python3.10/site-packages'
[0.830s] Level 1:colcon.colcon_core.environment:checking '/home/vini/ros2_ws/install/navigation/bin'
[0.830s] INFO:colcon.colcon_core.shell:Creating package script '/home/vini/ros2_ws/install/navigation/share/navigation/package.ps1'
[0.831s] INFO:colcon.colcon_core.shell:Creating package descriptor '/home/vini/ros2_ws/install/navigation/share/navigation/package.dsv'
[0.831s] INFO:colcon.colcon_core.shell:Creating package script '/home/vini/ros2_ws/install/navigation/share/navigation/package.sh'
[0.831s] INFO:colcon.colcon_core.shell:Creating package script '/home/vini/ros2_ws/install/navigation/share/navigation/package.bash'
[0.832s] INFO:colcon.colcon_core.shell:Creating package script '/home/vini/ros2_ws/install/navigation/share/navigation/package.zsh'
[0.832s] Level 1:colcon.colcon_core.environment:create_file_with_runtime_dependencies(/home/vini/ros2_ws/install/navigation/share/colcon-core/packages/navigation)
[0.832s] Level 1:colcon.colcon_core.environment:create_environment_scripts_only(slam_package)
[0.833s] Level 1:colcon.colcon_core.environment:checking '/home/vini/ros2_ws/install/slam_package' for CMake module files
[0.833s] DEBUG:colcon.colcon_core.event_handler.log_command:Invoked command in '/home/vini/ros2_ws/build/slam_package' returned '0': AMENT_PREFIX_PATH=/home/vini/ros2_ws/install/four_wheel_robot_description:${AMENT_PREFIX_PATH} CMAKE_PREFIX_PATH=/home/vini/ros2_ws/install/four_wheel_robot_description:/opt/ros/humble /usr/bin/cmake --install /home/vini/ros2_ws/build/slam_package
[0.834s] Level 1:colcon.colcon_core.environment:checking '/home/vini/ros2_ws/install/slam_package' for CMake config files
[0.835s] Level 1:colcon.colcon_core.shell:create_environment_hook('slam_package', 'cmake_prefix_path')
[0.835s] INFO:colcon.colcon_core.shell:Creating environment hook '/home/vini/ros2_ws/install/slam_package/share/slam_package/hook/cmake_prefix_path.ps1'
[0.835s] INFO:colcon.colcon_core.shell:Creating environment descriptor '/home/vini/ros2_ws/install/slam_package/share/slam_package/hook/cmake_prefix_path.dsv'
[0.836s] INFO:colcon.colcon_core.shell:Creating environment hook '/home/vini/ros2_ws/install/slam_package/share/slam_package/hook/cmake_prefix_path.sh'
[0.836s] Level 1:colcon.colcon_core.environment:checking '/home/vini/ros2_ws/install/slam_package/bin'
[0.836s] Level 1:colcon.colcon_core.environment:checking '/home/vini/ros2_ws/install/slam_package/lib/pkgconfig/slam_package.pc'
[0.837s] Level 1:colcon.colcon_core.environment:checking '/home/vini/ros2_ws/install/slam_package/lib/python3.10/site-packages'
[0.837s] Level 1:colcon.colcon_core.environment:checking '/home/vini/ros2_ws/install/slam_package/bin'
[0.837s] INFO:colcon.colcon_core.shell:Creating package script '/home/vini/ros2_ws/install/slam_package/share/slam_package/package.ps1'
[0.837s] INFO:colcon.colcon_core.shell:Creating package descriptor '/home/vini/ros2_ws/install/slam_package/share/slam_package/package.dsv'
[0.838s] INFO:colcon.colcon_core.shell:Creating package script '/home/vini/ros2_ws/install/slam_package/share/slam_package/package.sh'
[0.838s] INFO:colcon.colcon_core.shell:Creating package script '/home/vini/ros2_ws/install/slam_package/share/slam_package/package.bash'
[0.839s] INFO:colcon.colcon_core.shell:Creating package script '/home/vini/ros2_ws/install/slam_package/share/slam_package/package.zsh'
[0.839s] Level 1:colcon.colcon_core.environment:create_file_with_runtime_dependencies(/home/vini/ros2_ws/install/slam_package/share/colcon-core/packages/slam_package)
[0.839s] Level 1:colcon.colcon_core.environment:create_environment_scripts_only(slam_package)
[0.840s] Level 1:colcon.colcon_core.environment:checking '/home/vini/ros2_ws/install/slam_package' for CMake module files
[0.840s] Level 1:colcon.colcon_core.environment:checking '/home/vini/ros2_ws/install/slam_package' for CMake config files
[0.840s] Level 1:colcon.colcon_core.shell:create_environment_hook('slam_package', 'cmake_prefix_path')
[0.840s] INFO:colcon.colcon_core.shell:Creating environment hook '/home/vini/ros2_ws/install/slam_package/share/slam_package/hook/cmake_prefix_path.ps1'
[0.841s] INFO:colcon.colcon_core.shell:Creating environment descriptor '/home/vini/ros2_ws/install/slam_package/share/slam_package/hook/cmake_prefix_path.dsv'
[0.841s] INFO:colcon.colcon_core.shell:Creating environment hook '/home/vini/ros2_ws/install/slam_package/share/slam_package/hook/cmake_prefix_path.sh'
[0.842s] Level 1:colcon.colcon_core.environment:checking '/home/vini/ros2_ws/install/slam_package/bin'
[0.842s] Level 1:colcon.colcon_core.environment:checking '/home/vini/ros2_ws/install/slam_package/lib/pkgconfig/slam_package.pc'
[0.842s] Level 1:colcon.colcon_core.environment:checking '/home/vini/ros2_ws/install/slam_package/lib/python3.10/site-packages'
[0.843s] Level 1:colcon.colcon_core.environment:checking '/home/vini/ros2_ws/install/slam_package/bin'
[0.843s] INFO:colcon.colcon_core.shell:Creating package script '/home/vini/ros2_ws/install/slam_package/share/slam_package/package.ps1'
[0.844s] INFO:colcon.colcon_core.shell:Creating package descriptor '/home/vini/ros2_ws/install/slam_package/share/slam_package/package.dsv'
[0.844s] INFO:colcon.colcon_core.shell:Creating package script '/home/vini/ros2_ws/install/slam_package/share/slam_package/package.sh'
[0.845s] INFO:colcon.colcon_core.shell:Creating package script '/home/vini/ros2_ws/install/slam_package/share/slam_package/package.bash'
[0.845s] INFO:colcon.colcon_core.shell:Creating package script '/home/vini/ros2_ws/install/slam_package/share/slam_package/package.zsh'
[0.845s] Level 1:colcon.colcon_core.environment:create_file_with_runtime_dependencies(/home/vini/ros2_ws/install/slam_package/share/colcon-core/packages/slam_package)
[0.846s] INFO:colcon.colcon_ros.task.ament_cmake.build:Building ROS package in '/home/vini/ros2_ws/src/bringup' with build type 'ament_cmake'
[0.846s] INFO:colcon.colcon_cmake.task.cmake.build:Building CMake package in '/home/vini/ros2_ws/src/bringup'
[0.846s] INFO:colcon.colcon_core.shell:Skip shell extension 'powershell' for command environment: Not usable outside of PowerShell
[0.846s] DEBUG:colcon.colcon_core.shell:Skip shell extension 'dsv' for command environment
[0.855s] DEBUG:colcon.colcon_core.event_handler.log_command:Invoking command in '/home/vini/ros2_ws/build/bringup': AMENT_PREFIX_PATH=/home/vini/ros2_ws/install/slam_package:/home/vini/ros2_ws/install/navigation:/home/vini/ros2_ws/install/localization:/home/vini/ros2_ws/install/four_wheel_robot_description:${AMENT_PREFIX_PATH} CMAKE_PREFIX_PATH=/home/vini/ros2_ws/install/slam_package:/home/vini/ros2_ws/install/navigation:/home/vini/ros2_ws/install/localization:/home/vini/ros2_ws/install/four_wheel_robot_description:/opt/ros/humble /usr/bin/cmake /home/vini/ros2_ws/src/bringup -DAMENT_CMAKE_SYMLINK_INSTALL=1 -DCMAKE_INSTALL_PREFIX=/home/vini/ros2_ws/install/bringup
[1.451s] DEBUG:colcon.colcon_core.event_handler.log_command:Invoked command in '/home/vini/ros2_ws/build/bringup' returned '0': AMENT_PREFIX_PATH=/home/vini/ros2_ws/install/slam_package:/home/vini/ros2_ws/install/navigation:/home/vini/ros2_ws/install/localization:/home/vini/ros2_ws/install/four_wheel_robot_description:${AMENT_PREFIX_PATH} CMAKE_PREFIX_PATH=/home/vini/ros2_ws/install/slam_package:/home/vini/ros2_ws/install/navigation:/home/vini/ros2_ws/install/localization:/home/vini/ros2_ws/install/four_wheel_robot_description:/opt/ros/humble /usr/bin/cmake /home/vini/ros2_ws/src/bringup -DAMENT_CMAKE_SYMLINK_INSTALL=1 -DCMAKE_INSTALL_PREFIX=/home/vini/ros2_ws/install/bringup
[1.451s] DEBUG:colcon.colcon_core.event_handler.log_command:Invoking command in '/home/vini/ros2_ws/build/bringup': AMENT_PREFIX_PATH=/home/vini/ros2_ws/install/slam_package:/home/vini/ros2_ws/install/navigation:/home/vini/ros2_ws/install/localization:/home/vini/ros2_ws/install/four_wheel_robot_description:${AMENT_PREFIX_PATH} CMAKE_PREFIX_PATH=/home/vini/ros2_ws/install/slam_package:/home/vini/ros2_ws/install/navigation:/home/vini/ros2_ws/install/localization:/home/vini/ros2_ws/install/four_wheel_robot_description:/opt/ros/humble /usr/bin/cmake --build /home/vini/ros2_ws/build/bringup -- -j8 -l8
[1.481s] DEBUG:colcon.colcon_core.event_handler.log_command:Invoked command in '/home/vini/ros2_ws/build/bringup' returned '0': AMENT_PREFIX_PATH=/home/vini/ros2_ws/install/slam_package:/home/vini/ros2_ws/install/navigation:/home/vini/ros2_ws/install/localization:/home/vini/ros2_ws/install/four_wheel_robot_description:${AMENT_PREFIX_PATH} CMAKE_PREFIX_PATH=/home/vini/ros2_ws/install/slam_package:/home/vini/ros2_ws/install/navigation:/home/vini/ros2_ws/install/localization:/home/vini/ros2_ws/install/four_wheel_robot_description:/opt/ros/humble /usr/bin/cmake --build /home/vini/ros2_ws/build/bringup -- -j8 -l8
[1.482s] DEBUG:colcon.colcon_core.event_handler.log_command:Invoking command in '/home/vini/ros2_ws/build/bringup': AMENT_PREFIX_PATH=/home/vini/ros2_ws/install/slam_package:/home/vini/ros2_ws/install/navigation:/home/vini/ros2_ws/install/localization:/home/vini/ros2_ws/install/four_wheel_robot_description:${AMENT_PREFIX_PATH} CMAKE_PREFIX_PATH=/home/vini/ros2_ws/install/slam_package:/home/vini/ros2_ws/install/navigation:/home/vini/ros2_ws/install/localization:/home/vini/ros2_ws/install/four_wheel_robot_description:/opt/ros/humble /usr/bin/cmake --install /home/vini/ros2_ws/build/bringup
[1.592s] Level 1:colcon.colcon_core.environment:create_environment_scripts_only(bringup)
[1.593s] Level 1:colcon.colcon_core.environment:checking '/home/vini/ros2_ws/install/bringup' for CMake module files
[1.593s] DEBUG:colcon.colcon_core.event_handler.log_command:Invoked command in '/home/vini/ros2_ws/build/bringup' returned '0': AMENT_PREFIX_PATH=/home/vini/ros2_ws/install/slam_package:/home/vini/ros2_ws/install/navigation:/home/vini/ros2_ws/install/localization:/home/vini/ros2_ws/install/four_wheel_robot_description:${AMENT_PREFIX_PATH} CMAKE_PREFIX_PATH=/home/vini/ros2_ws/install/slam_package:/home/vini/ros2_ws/install/navigation:/home/vini/ros2_ws/install/localization:/home/vini/ros2_ws/install/four_wheel_robot_description:/opt/ros/humble /usr/bin/cmake --install /home/vini/ros2_ws/build/bringup
[1.593s] Level 1:colcon.colcon_core.environment:checking '/home/vini/ros2_ws/install/bringup' for CMake config files
[1.594s] Level 1:colcon.colcon_core.shell:create_environment_hook('bringup', 'cmake_prefix_path')
[1.594s] INFO:colcon.colcon_core.shell:Creating environment hook '/home/vini/ros2_ws/install/bringup/share/bringup/hook/cmake_prefix_path.ps1'
[1.594s] INFO:colcon.colcon_core.shell:Creating environment descriptor '/home/vini/ros2_ws/install/bringup/share/bringup/hook/cmake_prefix_path.dsv'
[1.594s] INFO:colcon.colcon_core.shell:Creating environment hook '/home/vini/ros2_ws/install/bringup/share/bringup/hook/cmake_prefix_path.sh'
[1.595s] Level 1:colcon.colcon_core.environment:checking '/home/vini/ros2_ws/install/bringup/bin'
[1.595s] Level 1:colcon.colcon_core.environment:checking '/home/vini/ros2_ws/install/bringup/lib/pkgconfig/bringup.pc'
[1.595s] Level 1:colcon.colcon_core.environment:checking '/home/vini/ros2_ws/install/bringup/lib/python3.10/site-packages'
[1.595s] Level 1:colcon.colcon_core.environment:checking '/home/vini/ros2_ws/install/bringup/bin'
[1.596s] INFO:colcon.colcon_core.shell:Creating package script '/home/vini/ros2_ws/install/bringup/share/bringup/package.ps1'
[1.596s] INFO:colcon.colcon_core.shell:Creating package descriptor '/home/vini/ros2_ws/install/bringup/share/bringup/package.dsv'
[1.596s] INFO:colcon.colcon_core.shell:Creating package script '/home/vini/ros2_ws/install/bringup/share/bringup/package.sh'
[1.596s] INFO:colcon.colcon_core.shell:Creating package script '/home/vini/ros2_ws/install/bringup/share/bringup/package.bash'
[1.597s] INFO:colcon.colcon_core.shell:Creating package script '/home/vini/ros2_ws/install/bringup/share/bringup/package.zsh'
[1.597s] Level 1:colcon.colcon_core.environment:create_file_with_runtime_dependencies(/home/vini/ros2_ws/install/bringup/share/colcon-core/packages/bringup)
[1.597s] Level 1:colcon.colcon_core.environment:create_environment_scripts_only(bringup)
[1.597s] Level 1:colcon.colcon_core.environment:checking '/home/vini/ros2_ws/install/bringup' for CMake module files
[1.598s] Level 1:colcon.colcon_core.environment:checking '/home/vini/ros2_ws/install/bringup' for CMake config files
[1.598s] Level 1:colcon.colcon_core.shell:create_environment_hook('bringup', 'cmake_prefix_path')
[1.598s] INFO:colcon.colcon_core.shell:Creating environment hook '/home/vini/ros2_ws/install/bringup/share/bringup/hook/cmake_prefix_path.ps1'
[1.598s] INFO:colcon.colcon_core.shell:Creating environment descriptor '/home/vini/ros2_ws/install/bringup/share/bringup/hook/cmake_prefix_path.dsv'
[1.599s] INFO:colcon.colcon_core.shell:Creating environment hook '/home/vini/ros2_ws/install/bringup/share/bringup/hook/cmake_prefix_path.sh'
[1.599s] Level 1:colcon.colcon_core.environment:checking '/home/vini/ros2_ws/install/bringup/bin'
[1.599s] Level 1:colcon.colcon_core.environment:checking '/home/vini/ros2_ws/install/bringup/lib/pkgconfig/bringup.pc'
[1.599s] Level 1:colcon.colcon_core.environment:checking '/home/vini/ros2_ws/install/bringup/lib/python3.10/site-packages'
[1.599s] Level 1:colcon.colcon_core.environment:checking '/home/vini/ros2_ws/install/bringup/bin'
[1.600s] INFO:colcon.colcon_core.shell:Creating package script '/home/vini/ros2_ws/install/bringup/share/bringup/package.ps1'
[1.600s] INFO:colcon.colcon_core.shell:Creating package descriptor '/home/vini/ros2_ws/install/bringup/share/bringup/package.dsv'
[1.600s] INFO:colcon.colcon_core.shell:Creating package script '/home/vini/ros2_ws/install/bringup/share/bringup/package.sh'
[1.601s] INFO:colcon.colcon_core.shell:Creating package script '/home/vini/ros2_ws/install/bringup/share/bringup/package.bash'
[1.601s] INFO:colcon.colcon_core.shell:Creating package script '/home/vini/ros2_ws/install/bringup/share/bringup/package.zsh'
[1.601s] Level 1:colcon.colcon_core.environment:create_file_with_runtime_dependencies(/home/vini/ros2_ws/install/bringup/share/colcon-core/packages/bringup)
[1.601s] DEBUG:colcon.colcon_parallel_executor.executor.parallel:closing loop
[1.602s] DEBUG:colcon.colcon_parallel_executor.executor.parallel:loop closed
[1.602s] DEBUG:colcon.colcon_parallel_executor.executor.parallel:run_until_complete finished with '0'
[1.602s] DEBUG:colcon.colcon_core.event_reactor:joining thread
[1.608s] INFO:colcon.colcon_core.plugin_system:Skipping extension 'colcon_notification.desktop_notification.terminal_notifier': Not used on non-Darwin systems
[1.609s] INFO:colcon.colcon_core.plugin_system:Skipping extension 'colcon_notification.desktop_notification.win32': Not used on non-Windows systems
[1.609s] INFO:colcon.colcon_notification.desktop_notification:Sending desktop notification using 'notify2'
[1.618s] DEBUG:colcon.colcon_core.event_reactor:joined thread
[1.619s] INFO:colcon.colcon_core.shell:Creating prefix script '/home/vini/ros2_ws/install/local_setup.ps1'
[1.620s] INFO:colcon.colcon_core.shell:Creating prefix util module '/home/vini/ros2_ws/install/_local_setup_util_ps1.py'
[1.621s] INFO:colcon.colcon_core.shell:Creating prefix chain script '/home/vini/ros2_ws/install/setup.ps1'
[1.622s] INFO:colcon.colcon_core.shell:Creating prefix script '/home/vini/ros2_ws/install/local_setup.sh'
[1.623s] INFO:colcon.colcon_core.shell:Creating prefix util module '/home/vini/ros2_ws/install/_local_setup_util_sh.py'
[1.624s] INFO:colcon.colcon_core.shell:Creating prefix chain script '/home/vini/ros2_ws/install/setup.sh'
[1.625s] INFO:colcon.colcon_core.shell:Creating prefix script '/home/vini/ros2_ws/install/local_setup.bash'
[1.625s] INFO:colcon.colcon_core.shell:Creating prefix chain script '/home/vini/ros2_ws/install/setup.bash'
[1.627s] INFO:colcon.colcon_core.shell:Creating prefix script '/home/vini/ros2_ws/install/local_setup.zsh'
[1.627s] INFO:colcon.colcon_core.shell:Creating prefix chain script '/home/vini/ros2_ws/install/setup.zsh'
