-- Found ament_cmake: 1.3.13 (/opt/ros/humble/share/ament_cmake/cmake)
-- Override CMake install command with custom implementation using symlinks instead of copying resources
-- Configuring done
-- Generating done
-- Build files have been written to: /home/vini/ros2_ws/build/four_wheel_robot_description
-- Install configuration: ""
-- Execute custom install script
-- Up-to-date symlink: /home/vini/ros2_ws/install/four_wheel_robot_description/share/four_wheel_robot_description/launch/display.launch.py
-- Up-to-date symlink: /home/vini/ros2_ws/install/four_wheel_robot_description/share/four_wheel_robot_description/launch/gazebo.launch.py
-- Symlinking: /home/vini/ros2_ws/install/four_wheel_robot_description/share/four_wheel_robot_description/launch/navigation.launch.py
-- Symlinking: /home/vini/ros2_ws/install/four_wheel_robot_description/share/four_wheel_robot_description/launch/slam.launch.py
-- Up-to-date symlink: /home/vini/ros2_ws/install/four_wheel_robot_description/share/four_wheel_robot_description/urdf/robot.urdf.xacro
-- Up-to-date symlink: /home/vini/ros2_ws/install/four_wheel_robot_description/share/four_wheel_robot_description/config/controllers.yaml
-- Symlinking: /home/vini/ros2_ws/install/four_wheel_robot_description/share/four_wheel_robot_description/config/nav2.rviz
-- Symlinking: /home/vini/ros2_ws/install/four_wheel_robot_description/share/four_wheel_robot_description/config/nav2_params.yaml
-- Up-to-date symlink: /home/vini/ros2_ws/install/four_wheel_robot_description/share/four_wheel_robot_description/config/robot.rviz
-- Symlinking: /home/vini/ros2_ws/install/four_wheel_robot_description/share/four_wheel_robot_description/config/slam.rviz
-- Symlinking: /home/vini/ros2_ws/install/four_wheel_robot_description/share/four_wheel_robot_description/config/slam_toolbox.yaml
-- Symlinking: /home/vini/ros2_ws/install/four_wheel_robot_description/share/four_wheel_robot_description/worlds/obstacles.world
-- Symlinking: /home/vini/ros2_ws/install/four_wheel_robot_description/share/four_wheel_robot_description/maps/map.yaml
-- Up-to-date symlink: /home/vini/ros2_ws/install/four_wheel_robot_description/share/ament_index/resource_index/package_run_dependencies/four_wheel_robot_description
-- Up-to-date symlink: /home/vini/ros2_ws/install/four_wheel_robot_description/share/ament_index/resource_index/parent_prefix_path/four_wheel_robot_description
-- Up-to-date symlink: /home/vini/ros2_ws/install/four_wheel_robot_description/share/four_wheel_robot_description/environment/ament_prefix_path.sh
-- Up-to-date symlink: /home/vini/ros2_ws/install/four_wheel_robot_description/share/four_wheel_robot_description/environment/ament_prefix_path.dsv
-- Up-to-date symlink: /home/vini/ros2_ws/install/four_wheel_robot_description/share/four_wheel_robot_description/environment/path.sh
-- Up-to-date symlink: /home/vini/ros2_ws/install/four_wheel_robot_description/share/four_wheel_robot_description/environment/path.dsv
-- Up-to-date symlink: /home/vini/ros2_ws/install/four_wheel_robot_description/share/four_wheel_robot_description/local_setup.bash
-- Up-to-date symlink: /home/vini/ros2_ws/install/four_wheel_robot_description/share/four_wheel_robot_description/local_setup.sh
-- Up-to-date symlink: /home/vini/ros2_ws/install/four_wheel_robot_description/share/four_wheel_robot_description/local_setup.zsh
-- Up-to-date symlink: /home/vini/ros2_ws/install/four_wheel_robot_description/share/four_wheel_robot_description/local_setup.dsv
-- Symlinking: /home/vini/ros2_ws/install/four_wheel_robot_description/share/four_wheel_robot_description/package.dsv
-- Up-to-date symlink: /home/vini/ros2_ws/install/four_wheel_robot_description/share/ament_index/resource_index/packages/four_wheel_robot_description
-- Up-to-date symlink: /home/vini/ros2_ws/install/four_wheel_robot_description/share/four_wheel_robot_description/cmake/four_wheel_robot_descriptionConfig.cmake
-- Up-to-date symlink: /home/vini/ros2_ws/install/four_wheel_robot_description/share/four_wheel_robot_description/cmake/four_wheel_robot_descriptionConfig-version.cmake
-- Up-to-date symlink: /home/vini/ros2_ws/install/four_wheel_robot_description/share/four_wheel_robot_description/package.xml
