[0.020s] Invoking command in '/home/vini/ros2_ws/build/four_wheel_robot_description': CMAKE_PREFIX_PATH=/opt/ros/humble /usr/bin/cmake /home/vini/ros2_ws/src/four_wheel_robot_description -DAMENT_CMAKE_SYMLINK_INSTALL=1 -DCMAKE_INSTALL_PREFIX=/home/vini/ros2_ws/install/four_wheel_robot_description
[0.042s] -- Found ament_cmake: 1.3.13 (/opt/ros/humble/share/ament_cmake/cmake)
[0.311s] -- Override CMake install command with custom implementation using symlinks instead of copying resources
[0.478s] -- Configuring done
[0.486s] -- Generating done
[0.491s] -- Build files have been written to: /home/vini/ros2_ws/build/four_wheel_robot_description
[0.497s] Invoked command in '/home/vini/ros2_ws/build/four_wheel_robot_description' returned '0': CMAKE_PREFIX_PATH=/opt/ros/humble /usr/bin/cmake /home/vini/ros2_ws/src/four_wheel_robot_description -DAMENT_CMAKE_SYMLINK_INSTALL=1 -DCMAKE_INSTALL_PREFIX=/home/vini/ros2_ws/install/four_wheel_robot_description
[0.500s] Invoking command in '/home/vini/ros2_ws/build/four_wheel_robot_description': CMAKE_PREFIX_PATH=/opt/ros/humble /usr/bin/cmake --build /home/vini/ros2_ws/build/four_wheel_robot_description -- -j8 -l8
[0.572s] Invoked command in '/home/vini/ros2_ws/build/four_wheel_robot_description' returned '0': CMAKE_PREFIX_PATH=/opt/ros/humble /usr/bin/cmake --build /home/vini/ros2_ws/build/four_wheel_robot_description -- -j8 -l8
[0.591s] Invoking command in '/home/vini/ros2_ws/build/four_wheel_robot_description': CMAKE_PREFIX_PATH=/opt/ros/humble /usr/bin/cmake --install /home/vini/ros2_ws/build/four_wheel_robot_description
[0.605s] -- Install configuration: ""
[0.606s] -- Execute custom install script
[0.607s] -- Up-to-date symlink: /home/vini/ros2_ws/install/four_wheel_robot_description/share/four_wheel_robot_description/launch/display.launch.py
[0.608s] -- Up-to-date symlink: /home/vini/ros2_ws/install/four_wheel_robot_description/share/four_wheel_robot_description/launch/gazebo.launch.py
[0.608s] -- Symlinking: /home/vini/ros2_ws/install/four_wheel_robot_description/share/four_wheel_robot_description/launch/navigation.launch.py
[0.625s] -- Symlinking: /home/vini/ros2_ws/install/four_wheel_robot_description/share/four_wheel_robot_description/launch/slam.launch.py
[0.643s] -- Up-to-date symlink: /home/vini/ros2_ws/install/four_wheel_robot_description/share/four_wheel_robot_description/urdf/robot.urdf.xacro
[0.643s] -- Up-to-date symlink: /home/vini/ros2_ws/install/four_wheel_robot_description/share/four_wheel_robot_description/config/controllers.yaml
[0.643s] -- Symlinking: /home/vini/ros2_ws/install/four_wheel_robot_description/share/four_wheel_robot_description/config/nav2.rviz
[0.661s] -- Symlinking: /home/vini/ros2_ws/install/four_wheel_robot_description/share/four_wheel_robot_description/config/nav2_params.yaml
[0.678s] -- Up-to-date symlink: /home/vini/ros2_ws/install/four_wheel_robot_description/share/four_wheel_robot_description/config/robot.rviz
[0.678s] -- Symlinking: /home/vini/ros2_ws/install/four_wheel_robot_description/share/four_wheel_robot_description/config/slam.rviz
[0.694s] -- Symlinking: /home/vini/ros2_ws/install/four_wheel_robot_description/share/four_wheel_robot_description/config/slam_toolbox.yaml
[0.712s] -- Symlinking: /home/vini/ros2_ws/install/four_wheel_robot_description/share/four_wheel_robot_description/worlds/obstacles.world
[0.734s] -- Symlinking: /home/vini/ros2_ws/install/four_wheel_robot_description/share/four_wheel_robot_description/maps/map.yaml
[0.751s] -- Up-to-date symlink: /home/vini/ros2_ws/install/four_wheel_robot_description/share/ament_index/resource_index/package_run_dependencies/four_wheel_robot_description
[0.751s] -- Up-to-date symlink: /home/vini/ros2_ws/install/four_wheel_robot_description/share/ament_index/resource_index/parent_prefix_path/four_wheel_robot_description
[0.752s] -- Up-to-date symlink: /home/vini/ros2_ws/install/four_wheel_robot_description/share/four_wheel_robot_description/environment/ament_prefix_path.sh
[0.752s] -- Up-to-date symlink: /home/vini/ros2_ws/install/four_wheel_robot_description/share/four_wheel_robot_description/environment/ament_prefix_path.dsv
[0.752s] -- Up-to-date symlink: /home/vini/ros2_ws/install/four_wheel_robot_description/share/four_wheel_robot_description/environment/path.sh
[0.753s] -- Up-to-date symlink: /home/vini/ros2_ws/install/four_wheel_robot_description/share/four_wheel_robot_description/environment/path.dsv
[0.753s] -- Up-to-date symlink: /home/vini/ros2_ws/install/four_wheel_robot_description/share/four_wheel_robot_description/local_setup.bash
[0.753s] -- Up-to-date symlink: /home/vini/ros2_ws/install/four_wheel_robot_description/share/four_wheel_robot_description/local_setup.sh
[0.754s] -- Up-to-date symlink: /home/vini/ros2_ws/install/four_wheel_robot_description/share/four_wheel_robot_description/local_setup.zsh
[0.754s] -- Up-to-date symlink: /home/vini/ros2_ws/install/four_wheel_robot_description/share/four_wheel_robot_description/local_setup.dsv
[0.754s] -- Symlinking: /home/vini/ros2_ws/install/four_wheel_robot_description/share/four_wheel_robot_description/package.dsv
[0.772s] -- Up-to-date symlink: /home/vini/ros2_ws/install/four_wheel_robot_description/share/ament_index/resource_index/packages/four_wheel_robot_description
[0.772s] -- Up-to-date symlink: /home/vini/ros2_ws/install/four_wheel_robot_description/share/four_wheel_robot_description/cmake/four_wheel_robot_descriptionConfig.cmake
[0.772s] -- Up-to-date symlink: /home/vini/ros2_ws/install/four_wheel_robot_description/share/four_wheel_robot_description/cmake/four_wheel_robot_descriptionConfig-version.cmake
[0.773s] -- Up-to-date symlink: /home/vini/ros2_ws/install/four_wheel_robot_description/share/four_wheel_robot_description/package.xml
[0.776s] Invoked command in '/home/vini/ros2_ws/build/four_wheel_robot_description' returned '0': CMAKE_PREFIX_PATH=/opt/ros/humble /usr/bin/cmake --install /home/vini/ros2_ws/build/four_wheel_robot_description
