[0.015s] Invoking command in '/home/vini/ros2_ws/build/localization': CMAKE_PREFIX_PATH=${CMAKE_PREFIX_PATH}:/opt/ros/humble /usr/bin/cmake /home/vini/ros2_ws/src/localization -DAMENT_CMAKE_SYMLINK_INSTALL=1 -DCMAKE_INSTALL_PREFIX=/home/vini/ros2_ws/install/localization
[0.111s] -- The C compiler identification is GNU 11.4.0
[0.186s] -- The CXX compiler identification is GNU 11.4.0
[0.193s] -- Detecting C compiler ABI info
[0.250s] -- Detecting C compiler ABI info - done
[0.257s] -- Check for working C compiler: /usr/bin/cc - skipped
[0.257s] -- Detecting C compile features
[0.257s] -- Detecting C compile features - done
[0.260s] -- Detecting CXX compiler ABI info
[0.334s] -- Detecting CXX compiler ABI info - done
[0.347s] -- Check for working CXX compiler: /usr/bin/c++ - skipped
[0.347s] -- Detecting CXX compile features
[0.348s] -- Detecting CXX compile features - done
[0.351s] -- Found ament_cmake: 1.3.13 (/opt/ros/humble/share/ament_cmake/cmake)
[0.544s] -- Found Python3: /usr/bin/python3 (found version "3.10.12") found components: Interpreter 
[0.609s] -- Override CMake install command with custom implementation using symlinks instead of copying resources
[0.751s] -- Configuring done
[0.753s] -- Generating done
[0.757s] -- Build files have been written to: /home/vini/ros2_ws/build/localization
[0.760s] Invoked command in '/home/vini/ros2_ws/build/localization' returned '0': CMAKE_PREFIX_PATH=${CMAKE_PREFIX_PATH}:/opt/ros/humble /usr/bin/cmake /home/vini/ros2_ws/src/localization -DAMENT_CMAKE_SYMLINK_INSTALL=1 -DCMAKE_INSTALL_PREFIX=/home/vini/ros2_ws/install/localization
[0.762s] Invoking command in '/home/vini/ros2_ws/build/localization': CMAKE_PREFIX_PATH=${CMAKE_PREFIX_PATH}:/opt/ros/humble /usr/bin/cmake --build /home/vini/ros2_ws/build/localization -- -j8 -l8
[0.798s] Invoked command in '/home/vini/ros2_ws/build/localization' returned '0': CMAKE_PREFIX_PATH=${CMAKE_PREFIX_PATH}:/opt/ros/humble /usr/bin/cmake --build /home/vini/ros2_ws/build/localization -- -j8 -l8
[0.800s] Invoking command in '/home/vini/ros2_ws/build/localization': CMAKE_PREFIX_PATH=${CMAKE_PREFIX_PATH}:/opt/ros/humble /usr/bin/cmake --install /home/vini/ros2_ws/build/localization
[0.806s] -- Install configuration: ""
[0.807s] -- Execute custom install script
[0.808s] -- Symlinking: /home/vini/ros2_ws/install/localization/share/localization/launch/localization.launch.py
[0.816s] -- Symlinking: /home/vini/ros2_ws/install/localization/share/localization/config/amcl.yaml
[0.826s] -- Symlinking: /home/vini/ros2_ws/install/localization/share/localization/config/localization.rviz
[0.834s] -- Symlinking: /home/vini/ros2_ws/install/localization/share/localization/maps/map.yaml
[0.843s] -- Symlinking: /home/vini/ros2_ws/install/localization/share/ament_index/resource_index/package_run_dependencies/localization
[0.851s] -- Symlinking: /home/vini/ros2_ws/install/localization/share/ament_index/resource_index/parent_prefix_path/localization
[0.858s] -- Symlinking: /home/vini/ros2_ws/install/localization/share/localization/environment/ament_prefix_path.sh
[0.867s] -- Symlinking: /home/vini/ros2_ws/install/localization/share/localization/environment/ament_prefix_path.dsv
[0.874s] -- Symlinking: /home/vini/ros2_ws/install/localization/share/localization/environment/path.sh
[0.881s] -- Symlinking: /home/vini/ros2_ws/install/localization/share/localization/environment/path.dsv
[0.888s] -- Symlinking: /home/vini/ros2_ws/install/localization/share/localization/local_setup.bash
[0.899s] -- Symlinking: /home/vini/ros2_ws/install/localization/share/localization/local_setup.sh
[0.906s] -- Symlinking: /home/vini/ros2_ws/install/localization/share/localization/local_setup.zsh
[0.916s] -- Symlinking: /home/vini/ros2_ws/install/localization/share/localization/local_setup.dsv
[0.924s] -- Symlinking: /home/vini/ros2_ws/install/localization/share/localization/package.dsv
[0.933s] -- Symlinking: /home/vini/ros2_ws/install/localization/share/ament_index/resource_index/packages/localization
[0.943s] -- Symlinking: /home/vini/ros2_ws/install/localization/share/localization/cmake/localizationConfig.cmake
[0.952s] -- Symlinking: /home/vini/ros2_ws/install/localization/share/localization/cmake/localizationConfig-version.cmake
[0.960s] -- Symlinking: /home/vini/ros2_ws/install/localization/share/localization/package.xml
[0.987s] Invoked command in '/home/vini/ros2_ws/build/localization' returned '0': CMAKE_PREFIX_PATH=${CMAKE_PREFIX_PATH}:/opt/ros/humble /usr/bin/cmake --install /home/vini/ros2_ws/build/localization
