[0.041s] Invoking command in '/home/vini/ros2_ws/build/four_wheel_robot_description': /usr/bin/cmake /home/vini/ros2_ws/src/four_wheel_robot_description -DCMAKE_INSTALL_PREFIX=/home/vini/ros2_ws/install/four_wheel_robot_description
[0.102s] -- Found ament_cmake: 1.3.13 (/opt/ros/humble/share/ament_cmake/cmake)
[0.623s] -- Override CMake install command with custom implementation using symlinks instead of copying resources
[0.908s] Error parsing '/home/vini/ros2_ws/src/four_wheel_robot_description/package.xml':
[1.057s] Traceback (most recent call last):
[1.057s]   File "/usr/lib/python3/dist-packages/catkin_pkg/package.py", line 610, in parse_package_string
[1.060s]     root = dom.parseString(data)
[1.060s]   File "/usr/lib/python3.10/xml/dom/minidom.py", line 1995, in parseString
[1.060s]     return expatbuilder.parseString(string)
[1.061s]   File "/usr/lib/python3.10/xml/dom/expatbuilder.py", line 925, in parseString
[1.061s]     return builder.parseString(string)
[1.061s]   File "/usr/lib/python3.10/xml/dom/expatbuilder.py", line 223, in parseString
[1.061s]     parser.Parse(string, True)
[1.061s] xml.parsers.expat.ExpatError: not well-formed (invalid token): line 47, column 1
[1.061s] 
[1.062s] During handling of the above exception, another exception occurred:
[1.062s] 
[1.062s] Traceback (most recent call last):
[1.062s]   File "/opt/ros/humble/share/ament_cmake_core/cmake/core/package_xml_2_cmake.py", line 150, in <module>
[1.063s]     main()
[1.063s]   File "/opt/ros/humble/share/ament_cmake_core/cmake/core/package_xml_2_cmake.py", line 53, in main
[1.063s]     raise e
[1.063s]   File "/opt/ros/humble/share/ament_cmake_core/cmake/core/package_xml_2_cmake.py", line 49, in main
[1.063s]     package = parse_package_string(
[1.063s]   File "/usr/lib/python3/dist-packages/catkin_pkg/package.py", line 612, in parse_package_string
[1.064s]     raise InvalidPackage('The manifest contains invalid XML:\n%s' % ex, filename)
[1.064s] catkin_pkg.package.InvalidPackage: Error(s) in package '/home/vini/ros2_ws/src/four_wheel_robot_description/package.xml':
[1.064s] The manifest contains invalid XML:
[1.064s] not well-formed (invalid token): line 47, column 1
[1.117s] -- Configuring incomplete, errors occurred!
[1.117s] See also "/home/vini/ros2_ws/build/four_wheel_robot_description/CMakeFiles/CMakeOutput.log".
[1.118s] [31mCMake Error at /opt/ros/humble/share/ament_cmake_core/cmake/core/ament_package_xml.cmake:95 (message):
[1.118s]   execute_process(/usr/bin/python3
[1.118s]   /opt/ros/humble/share/ament_cmake_core/cmake/core/package_xml_2_cmake.py
[1.118s]   /home/vini/ros2_ws/src/four_wheel_robot_description/package.xml
[1.119s]   /home/vini/ros2_ws/build/four_wheel_robot_description/ament_cmake_core/package.cmake)
[1.122s]   returned error code 1
[1.122s] Call Stack (most recent call first):
[1.122s]   /opt/ros/humble/share/ament_cmake_core/cmake/core/ament_package_xml.cmake:49 (_ament_package_xml)
[1.122s]   /opt/ros/humble/share/ament_cmake_core/cmake/core/ament_package.cmake:63 (ament_package_xml)
[1.122s]   CMakeLists.txt:21 (ament_package)
[1.122s] 
[1.123s] [0m
[1.126s] Invoked command in '/home/vini/ros2_ws/build/four_wheel_robot_description' returned '1': /usr/bin/cmake /home/vini/ros2_ws/src/four_wheel_robot_description -DCMAKE_INSTALL_PREFIX=/home/vini/ros2_ws/install/four_wheel_robot_description
