[0.016s] Invoking command in '/home/vini/ros2_ws/build/slam_package': AMENT_PREFIX_PATH=/home/vini/ros2_ws/install/four_wheel_robot_description:${AMENT_PREFIX_PATH} CMAKE_PREFIX_PATH=/home/vini/ros2_ws/install/four_wheel_robot_description:/opt/ros/humble /usr/bin/cmake --build /home/vini/ros2_ws/build/slam_package -- -j8 -l8
[0.052s] Invoked command in '/home/vini/ros2_ws/build/slam_package' returned '0': AMENT_PREFIX_PATH=/home/vini/ros2_ws/install/four_wheel_robot_description:${AMENT_PREFIX_PATH} CMAKE_PREFIX_PATH=/home/vini/ros2_ws/install/four_wheel_robot_description:/opt/ros/humble /usr/bin/cmake --build /home/vini/ros2_ws/build/slam_package -- -j8 -l8
[0.054s] Invoking command in '/home/vini/ros2_ws/build/slam_package': AMENT_PREFIX_PATH=/home/vini/ros2_ws/install/four_wheel_robot_description:${AMENT_PREFIX_PATH} CMAKE_PREFIX_PATH=/home/vini/ros2_ws/install/four_wheel_robot_description:/opt/ros/humble /usr/bin/cmake --install /home/vini/ros2_ws/build/slam_package
[0.063s] -- Install configuration: ""
[0.063s] -- Execute custom install script
[0.063s] -- Up-to-date symlink: /home/vini/ros2_ws/install/slam_package/share/slam_package/launch/slam.launch.py
[0.063s] -- Up-to-date symlink: /home/vini/ros2_ws/install/slam_package/share/slam_package/config/slam.rviz
[0.064s] -- Up-to-date symlink: /home/vini/ros2_ws/install/slam_package/share/slam_package/config/slam.yaml
[0.064s] -- Up-to-date symlink: /home/vini/ros2_ws/install/slam_package/share/ament_index/resource_index/package_run_dependencies/slam_package
[0.064s] -- Up-to-date symlink: /home/vini/ros2_ws/install/slam_package/share/ament_index/resource_index/parent_prefix_path/slam_package
[0.064s] -- Up-to-date symlink: /home/vini/ros2_ws/install/slam_package/share/slam_package/environment/ament_prefix_path.sh
[0.064s] -- Up-to-date symlink: /home/vini/ros2_ws/install/slam_package/share/slam_package/environment/ament_prefix_path.dsv
[0.064s] -- Up-to-date symlink: /home/vini/ros2_ws/install/slam_package/share/slam_package/environment/path.sh
[0.065s] -- Up-to-date symlink: /home/vini/ros2_ws/install/slam_package/share/slam_package/environment/path.dsv
[0.065s] -- Up-to-date symlink: /home/vini/ros2_ws/install/slam_package/share/slam_package/local_setup.bash
[0.065s] -- Up-to-date symlink: /home/vini/ros2_ws/install/slam_package/share/slam_package/local_setup.sh
[0.065s] -- Up-to-date symlink: /home/vini/ros2_ws/install/slam_package/share/slam_package/local_setup.zsh
[0.065s] -- Up-to-date symlink: /home/vini/ros2_ws/install/slam_package/share/slam_package/local_setup.dsv
[0.065s] -- Symlinking: /home/vini/ros2_ws/install/slam_package/share/slam_package/package.dsv
[0.075s] -- Up-to-date symlink: /home/vini/ros2_ws/install/slam_package/share/ament_index/resource_index/packages/slam_package
[0.075s] -- Up-to-date symlink: /home/vini/ros2_ws/install/slam_package/share/slam_package/cmake/slam_packageConfig.cmake
[0.075s] -- Up-to-date symlink: /home/vini/ros2_ws/install/slam_package/share/slam_package/cmake/slam_packageConfig-version.cmake
[0.075s] -- Up-to-date symlink: /home/vini/ros2_ws/install/slam_package/share/slam_package/package.xml
[0.104s] Invoked command in '/home/vini/ros2_ws/build/slam_package' returned '0': AMENT_PREFIX_PATH=/home/vini/ros2_ws/install/four_wheel_robot_description:${AMENT_PREFIX_PATH} CMAKE_PREFIX_PATH=/home/vini/ros2_ws/install/four_wheel_robot_description:/opt/ros/humble /usr/bin/cmake --install /home/vini/ros2_ws/build/slam_package
