gmake: Warning: File 'Makefile' has modification time 17326 s in the future
gmake[1]: Warning: File 'CMakeFiles/Makefile2' has modification time 17326 s in the future
gmake[1]: warning:  Clock skew detected.  Your build may be incomplete.
gmake: warning:  Clock skew detected.  Your build may be incomplete.
-- Install configuration: ""
-- Execute custom install script
-- Up-to-date symlink: /home/vini/ros2_ws/install/bringup/share/bringup/launch/robot_system.launch.py
-- Up-to-date symlink: /home/vini/ros2_ws/install/bringup/share/ament_index/resource_index/package_run_dependencies/bringup
-- Up-to-date symlink: /home/vini/ros2_ws/install/bringup/share/ament_index/resource_index/parent_prefix_path/bringup
-- Up-to-date symlink: /home/vini/ros2_ws/install/bringup/share/bringup/environment/ament_prefix_path.sh
-- Up-to-date symlink: /home/vini/ros2_ws/install/bringup/share/bringup/environment/ament_prefix_path.dsv
-- Up-to-date symlink: /home/vini/ros2_ws/install/bringup/share/bringup/environment/path.sh
-- Up-to-date symlink: /home/vini/ros2_ws/install/bringup/share/bringup/environment/path.dsv
-- Up-to-date symlink: /home/vini/ros2_ws/install/bringup/share/bringup/local_setup.bash
-- Up-to-date symlink: /home/vini/ros2_ws/install/bringup/share/bringup/local_setup.sh
-- Up-to-date symlink: /home/vini/ros2_ws/install/bringup/share/bringup/local_setup.zsh
-- Up-to-date symlink: /home/vini/ros2_ws/install/bringup/share/bringup/local_setup.dsv
-- Symlinking: /home/vini/ros2_ws/install/bringup/share/bringup/package.dsv
-- Up-to-date symlink: /home/vini/ros2_ws/install/bringup/share/ament_index/resource_index/packages/bringup
-- Up-to-date symlink: /home/vini/ros2_ws/install/bringup/share/bringup/cmake/bringupConfig.cmake
-- Up-to-date symlink: /home/vini/ros2_ws/install/bringup/share/bringup/cmake/bringupConfig-version.cmake
-- Up-to-date symlink: /home/vini/ros2_ws/install/bringup/share/bringup/package.xml
