[0.010s] Invoking command in '/home/vini/ros2_ws/build/bringup': CMAKE_PREFIX_PATH=/home/vini/ros2_ws/install/slam_package:/home/vini/ros2_ws/install/navigation:/home/vini/ros2_ws/install/localization:/home/vini/ros2_ws/install/four_wheel_robot_description:/home/vini/ros2_ws/install/bringup:/opt/ros/humble /usr/bin/cmake --build /home/vini/ros2_ws/build/bringup -- -j8 -l8
[0.016s] gmake: Warning: File 'Makefile' has modification time 17326 s in the future
[0.031s] gmake[1]: Warning: File 'CMakeFiles/Makefile2' has modification time 17326 s in the future
[0.031s] gmake[1]: warning:  Clock skew detected.  Your build may be incomplete.
[0.038s] gmake: warning:  Clock skew detected.  Your build may be incomplete.
[0.040s] Invoked command in '/home/vini/ros2_ws/build/bringup' returned '0': CMAKE_PREFIX_PATH=/home/vini/ros2_ws/install/slam_package:/home/vini/ros2_ws/install/navigation:/home/vini/ros2_ws/install/localization:/home/vini/ros2_ws/install/four_wheel_robot_description:/home/vini/ros2_ws/install/bringup:/opt/ros/humble /usr/bin/cmake --build /home/vini/ros2_ws/build/bringup -- -j8 -l8
[0.041s] Invoking command in '/home/vini/ros2_ws/build/bringup': CMAKE_PREFIX_PATH=/home/vini/ros2_ws/install/slam_package:/home/vini/ros2_ws/install/navigation:/home/vini/ros2_ws/install/localization:/home/vini/ros2_ws/install/four_wheel_robot_description:/home/vini/ros2_ws/install/bringup:/opt/ros/humble /usr/bin/cmake --install /home/vini/ros2_ws/build/bringup
[0.047s] -- Install configuration: ""
[0.047s] -- Execute custom install script
[0.047s] -- Up-to-date symlink: /home/vini/ros2_ws/install/bringup/share/bringup/launch/robot_system.launch.py
[0.047s] -- Up-to-date symlink: /home/vini/ros2_ws/install/bringup/share/ament_index/resource_index/package_run_dependencies/bringup
[0.048s] -- Up-to-date symlink: /home/vini/ros2_ws/install/bringup/share/ament_index/resource_index/parent_prefix_path/bringup
[0.048s] -- Up-to-date symlink: /home/vini/ros2_ws/install/bringup/share/bringup/environment/ament_prefix_path.sh
[0.048s] -- Up-to-date symlink: /home/vini/ros2_ws/install/bringup/share/bringup/environment/ament_prefix_path.dsv
[0.048s] -- Up-to-date symlink: /home/vini/ros2_ws/install/bringup/share/bringup/environment/path.sh
[0.048s] -- Up-to-date symlink: /home/vini/ros2_ws/install/bringup/share/bringup/environment/path.dsv
[0.048s] -- Up-to-date symlink: /home/vini/ros2_ws/install/bringup/share/bringup/local_setup.bash
[0.048s] -- Up-to-date symlink: /home/vini/ros2_ws/install/bringup/share/bringup/local_setup.sh
[0.048s] -- Up-to-date symlink: /home/vini/ros2_ws/install/bringup/share/bringup/local_setup.zsh
[0.048s] -- Up-to-date symlink: /home/vini/ros2_ws/install/bringup/share/bringup/local_setup.dsv
[0.048s] -- Symlinking: /home/vini/ros2_ws/install/bringup/share/bringup/package.dsv
[0.057s] -- Up-to-date symlink: /home/vini/ros2_ws/install/bringup/share/ament_index/resource_index/packages/bringup
[0.057s] -- Up-to-date symlink: /home/vini/ros2_ws/install/bringup/share/bringup/cmake/bringupConfig.cmake
[0.058s] -- Up-to-date symlink: /home/vini/ros2_ws/install/bringup/share/bringup/cmake/bringupConfig-version.cmake
[0.058s] -- Up-to-date symlink: /home/vini/ros2_ws/install/bringup/share/bringup/package.xml
[0.060s] Invoked command in '/home/vini/ros2_ws/build/bringup' returned '0': CMAKE_PREFIX_PATH=/home/vini/ros2_ws/install/slam_package:/home/vini/ros2_ws/install/navigation:/home/vini/ros2_ws/install/localization:/home/vini/ros2_ws/install/four_wheel_robot_description:/home/vini/ros2_ws/install/bringup:/opt/ros/humble /usr/bin/cmake --install /home/vini/ros2_ws/build/bringup
