[0.014s] Invoking command in '/home/vini/ros2_ws/build/navigation': CMAKE_PREFIX_PATH=${CMAKE_PREFIX_PATH}:/opt/ros/humble /usr/bin/cmake /home/vini/ros2_ws/src/navigation -DAMENT_CMAKE_SYMLINK_INSTALL=1 -DCMAKE_INSTALL_PREFIX=/home/vini/ros2_ws/install/navigation
[0.106s] -- The C compiler identification is GNU 11.4.0
[0.181s] -- The CXX compiler identification is GNU 11.4.0
[0.187s] -- Detecting C compiler ABI info
[0.245s] -- Detecting C compiler ABI info - done
[0.251s] -- Check for working C compiler: /usr/bin/cc - skipped
[0.252s] -- Detecting C compile features
[0.252s] -- Detecting C compile features - done
[0.255s] -- Detecting CXX compiler ABI info
[0.328s] -- Detecting CXX compiler ABI info - done
[0.341s] -- Check for working CXX compiler: /usr/bin/c++ - skipped
[0.341s] -- Detecting CXX compile features
[0.342s] -- Detecting CXX compile features - done
[0.345s] -- Found ament_cmake: 1.3.13 (/opt/ros/humble/share/ament_cmake/cmake)
[0.528s] -- Found Python3: /usr/bin/python3 (found version "3.10.12") found components: Interpreter 
[0.590s] -- Override CMake install command with custom implementation using symlinks instead of copying resources
[0.739s] -- Configuring done
[0.742s] -- Generating done
[0.746s] -- Build files have been written to: /home/vini/ros2_ws/build/navigation
[0.752s] Invoked command in '/home/vini/ros2_ws/build/navigation' returned '0': CMAKE_PREFIX_PATH=${CMAKE_PREFIX_PATH}:/opt/ros/humble /usr/bin/cmake /home/vini/ros2_ws/src/navigation -DAMENT_CMAKE_SYMLINK_INSTALL=1 -DCMAKE_INSTALL_PREFIX=/home/vini/ros2_ws/install/navigation
[0.753s] Invoking command in '/home/vini/ros2_ws/build/navigation': CMAKE_PREFIX_PATH=${CMAKE_PREFIX_PATH}:/opt/ros/humble /usr/bin/cmake --build /home/vini/ros2_ws/build/navigation -- -j8 -l8
[0.790s] Invoked command in '/home/vini/ros2_ws/build/navigation' returned '0': CMAKE_PREFIX_PATH=${CMAKE_PREFIX_PATH}:/opt/ros/humble /usr/bin/cmake --build /home/vini/ros2_ws/build/navigation -- -j8 -l8
[0.791s] Invoking command in '/home/vini/ros2_ws/build/navigation': CMAKE_PREFIX_PATH=${CMAKE_PREFIX_PATH}:/opt/ros/humble /usr/bin/cmake --install /home/vini/ros2_ws/build/navigation
[0.799s] -- Install configuration: ""
[0.799s] -- Execute custom install script
[0.800s] -- Symlinking: /home/vini/ros2_ws/install/navigation/share/navigation/launch/navigation.launch.py
[0.809s] -- Symlinking: /home/vini/ros2_ws/install/navigation/share/navigation/config/costmap.yaml
[0.819s] -- Symlinking: /home/vini/ros2_ws/install/navigation/share/navigation/config/nav2_params.yaml
[0.827s] -- Symlinking: /home/vini/ros2_ws/install/navigation/share/navigation/config/navigation.rviz
[0.835s] -- Symlinking: /home/vini/ros2_ws/install/navigation/share/ament_index/resource_index/package_run_dependencies/navigation
[0.842s] -- Symlinking: /home/vini/ros2_ws/install/navigation/share/ament_index/resource_index/parent_prefix_path/navigation
[0.850s] -- Symlinking: /home/vini/ros2_ws/install/navigation/share/navigation/environment/ament_prefix_path.sh
[0.858s] -- Symlinking: /home/vini/ros2_ws/install/navigation/share/navigation/environment/ament_prefix_path.dsv
[0.865s] -- Symlinking: /home/vini/ros2_ws/install/navigation/share/navigation/environment/path.sh
[0.873s] -- Symlinking: /home/vini/ros2_ws/install/navigation/share/navigation/environment/path.dsv
[0.880s] -- Symlinking: /home/vini/ros2_ws/install/navigation/share/navigation/local_setup.bash
[0.894s] -- Symlinking: /home/vini/ros2_ws/install/navigation/share/navigation/local_setup.sh
[0.901s] -- Symlinking: /home/vini/ros2_ws/install/navigation/share/navigation/local_setup.zsh
[0.909s] -- Symlinking: /home/vini/ros2_ws/install/navigation/share/navigation/local_setup.dsv
[0.917s] -- Symlinking: /home/vini/ros2_ws/install/navigation/share/navigation/package.dsv
[0.925s] -- Symlinking: /home/vini/ros2_ws/install/navigation/share/ament_index/resource_index/packages/navigation
[0.936s] -- Symlinking: /home/vini/ros2_ws/install/navigation/share/navigation/cmake/navigationConfig.cmake
[0.944s] -- Symlinking: /home/vini/ros2_ws/install/navigation/share/navigation/cmake/navigationConfig-version.cmake
[0.952s] -- Symlinking: /home/vini/ros2_ws/install/navigation/share/navigation/package.xml
[0.971s] Invoked command in '/home/vini/ros2_ws/build/navigation' returned '0': CMAKE_PREFIX_PATH=${CMAKE_PREFIX_PATH}:/opt/ros/humble /usr/bin/cmake --install /home/vini/ros2_ws/build/navigation
