[0.083s] DEBUG:colcon:Command line arguments: ['/usr/bin/colcon', 'build', '--symlink-install']
[0.083s] DEBUG:colcon:Parsed command line arguments: Namespace(log_base=None, log_level=None, verb_name='build', build_base='build', install_base='install', merge_install=False, symlink_install=True, test_result_base=None, continue_on_error=False, executor='parallel', parallel_workers=8, event_handlers=None, ignore_user_meta=False, metas=['./colcon.meta'], base_paths=['.'], packages_ignore=None, packages_ignore_regex=None, paths=None, packages_up_to=None, packages_up_to_regex=None, packages_above=None, packages_above_and_dependencies=None, packages_above_depth=None, packages_select_by_dep=None, packages_skip_by_dep=None, packages_skip_up_to=None, packages_select_build_failed=False, packages_skip_build_finished=False, packages_select_test_failures=False, packages_skip_test_passed=False, packages_select=None, packages_skip=None, packages_select_regex=None, packages_skip_regex=None, packages_start=None, packages_end=None, allow_overriding=[], cmake_args=None, cmake_target=None, cmake_target_skip_unavailable=False, cmake_clean_cache=False, cmake_clean_first=False, cmake_force_configure=False, ament_cmake_args=None, catkin_cmake_args=None, catkin_skip_building_tests=False, verb_parser=<colcon_defaults.argument_parser.defaults.DefaultArgumentsDecorator object at 0x79b98ae29120>, verb_extension=<colcon_core.verb.build.BuildVerb object at 0x79b98af5ec80>, main=<bound method BuildVerb.main of <colcon_core.verb.build.BuildVerb object at 0x79b98af5ec80>>)
[0.219s] Level 1:colcon.colcon_core.package_discovery:discover_packages(colcon_meta) check parameters
[0.219s] Level 1:colcon.colcon_core.package_discovery:discover_packages(recursive) check parameters
[0.219s] Level 1:colcon.colcon_core.package_discovery:discover_packages(ignore) check parameters
[0.219s] Level 1:colcon.colcon_core.package_discovery:discover_packages(path) check parameters
[0.219s] Level 1:colcon.colcon_core.package_discovery:discover_packages(colcon_meta) discover
[0.220s] Level 1:colcon.colcon_core.package_discovery:discover_packages(recursive) discover
[0.220s] INFO:colcon.colcon_core.package_discovery:Crawling recursively for packages in '/home/vini/ros2_ws'
[0.220s] Level 1:colcon.colcon_core.package_identification:_identify(.) by extensions ['ignore', 'ignore_ament_install']
[0.220s] Level 1:colcon.colcon_core.package_identification:_identify(.) by extension 'ignore'
[0.220s] Level 1:colcon.colcon_core.package_identification:_identify(.) by extension 'ignore_ament_install'
[0.220s] Level 1:colcon.colcon_core.package_identification:_identify(.) by extensions ['colcon_pkg']
[0.220s] Level 1:colcon.colcon_core.package_identification:_identify(.) by extension 'colcon_pkg'
[0.220s] Level 1:colcon.colcon_core.package_identification:_identify(.) by extensions ['colcon_meta']
[0.220s] Level 1:colcon.colcon_core.package_identification:_identify(.) by extension 'colcon_meta'
[0.220s] Level 1:colcon.colcon_core.package_identification:_identify(.) by extensions ['ros']
[0.220s] Level 1:colcon.colcon_core.package_identification:_identify(.) by extension 'ros'
[0.230s] Level 1:colcon.colcon_core.package_identification:_identify(.) by extensions ['cmake', 'python']
[0.230s] Level 1:colcon.colcon_core.package_identification:_identify(.) by extension 'cmake'
[0.230s] Level 1:colcon.colcon_core.package_identification:_identify(.) by extension 'python'
[0.230s] Level 1:colcon.colcon_core.package_identification:_identify(.) by extensions ['python_setup_py']
[0.230s] Level 1:colcon.colcon_core.package_identification:_identify(.) by extension 'python_setup_py'
[0.230s] Level 1:colcon.colcon_core.package_identification:_identify(build) by extensions ['ignore', 'ignore_ament_install']
[0.230s] Level 1:colcon.colcon_core.package_identification:_identify(build) by extension 'ignore'
[0.230s] Level 1:colcon.colcon_core.package_identification:_identify(build) ignored
[0.230s] Level 1:colcon.colcon_core.package_identification:_identify(install) by extensions ['ignore', 'ignore_ament_install']
[0.231s] Level 1:colcon.colcon_core.package_identification:_identify(install) by extension 'ignore'
[0.231s] Level 1:colcon.colcon_core.package_identification:_identify(install) ignored
[0.231s] Level 1:colcon.colcon_core.package_identification:_identify(log) by extensions ['ignore', 'ignore_ament_install']
[0.231s] Level 1:colcon.colcon_core.package_identification:_identify(log) by extension 'ignore'
[0.231s] Level 1:colcon.colcon_core.package_identification:_identify(log) ignored
[0.231s] Level 1:colcon.colcon_core.package_identification:_identify(src) by extensions ['ignore', 'ignore_ament_install']
[0.231s] Level 1:colcon.colcon_core.package_identification:_identify(src) by extension 'ignore'
[0.231s] Level 1:colcon.colcon_core.package_identification:_identify(src) by extension 'ignore_ament_install'
[0.231s] Level 1:colcon.colcon_core.package_identification:_identify(src) by extensions ['colcon_pkg']
[0.231s] Level 1:colcon.colcon_core.package_identification:_identify(src) by extension 'colcon_pkg'
[0.231s] Level 1:colcon.colcon_core.package_identification:_identify(src) by extensions ['colcon_meta']
[0.231s] Level 1:colcon.colcon_core.package_identification:_identify(src) by extension 'colcon_meta'
[0.231s] Level 1:colcon.colcon_core.package_identification:_identify(src) by extensions ['ros']
[0.231s] Level 1:colcon.colcon_core.package_identification:_identify(src) by extension 'ros'
[0.231s] Level 1:colcon.colcon_core.package_identification:_identify(src) by extensions ['cmake', 'python']
[0.231s] Level 1:colcon.colcon_core.package_identification:_identify(src) by extension 'cmake'
[0.231s] Level 1:colcon.colcon_core.package_identification:_identify(src) by extension 'python'
[0.231s] Level 1:colcon.colcon_core.package_identification:_identify(src) by extensions ['python_setup_py']
[0.231s] Level 1:colcon.colcon_core.package_identification:_identify(src) by extension 'python_setup_py'
[0.231s] Level 1:colcon.colcon_core.package_identification:_identify(src/bringup) by extensions ['ignore', 'ignore_ament_install']
[0.231s] Level 1:colcon.colcon_core.package_identification:_identify(src/bringup) by extension 'ignore'
[0.231s] Level 1:colcon.colcon_core.package_identification:_identify(src/bringup) by extension 'ignore_ament_install'
[0.231s] Level 1:colcon.colcon_core.package_identification:_identify(src/bringup) by extensions ['colcon_pkg']
[0.231s] Level 1:colcon.colcon_core.package_identification:_identify(src/bringup) by extension 'colcon_pkg'
[0.231s] Level 1:colcon.colcon_core.package_identification:_identify(src/bringup) by extensions ['colcon_meta']
[0.231s] Level 1:colcon.colcon_core.package_identification:_identify(src/bringup) by extension 'colcon_meta'
[0.231s] Level 1:colcon.colcon_core.package_identification:_identify(src/bringup) by extensions ['ros']
[0.232s] Level 1:colcon.colcon_core.package_identification:_identify(src/bringup) by extension 'ros'
[0.233s] DEBUG:colcon.colcon_core.package_identification:Package 'src/bringup' with type 'ros.ament_cmake' and name 'bringup'
[0.233s] Level 1:colcon.colcon_core.package_identification:_identify(src/four_wheel_robot_description) by extensions ['ignore', 'ignore_ament_install']
[0.234s] Level 1:colcon.colcon_core.package_identification:_identify(src/four_wheel_robot_description) by extension 'ignore'
[0.234s] Level 1:colcon.colcon_core.package_identification:_identify(src/four_wheel_robot_description) by extension 'ignore_ament_install'
[0.234s] Level 1:colcon.colcon_core.package_identification:_identify(src/four_wheel_robot_description) by extensions ['colcon_pkg']
[0.234s] Level 1:colcon.colcon_core.package_identification:_identify(src/four_wheel_robot_description) by extension 'colcon_pkg'
[0.234s] Level 1:colcon.colcon_core.package_identification:_identify(src/four_wheel_robot_description) by extensions ['colcon_meta']
[0.234s] Level 1:colcon.colcon_core.package_identification:_identify(src/four_wheel_robot_description) by extension 'colcon_meta'
[0.234s] Level 1:colcon.colcon_core.package_identification:_identify(src/four_wheel_robot_description) by extensions ['ros']
[0.234s] Level 1:colcon.colcon_core.package_identification:_identify(src/four_wheel_robot_description) by extension 'ros'
[0.234s] DEBUG:colcon.colcon_core.package_identification:Package 'src/four_wheel_robot_description' with type 'ros.ament_cmake' and name 'four_wheel_robot_description'
[0.234s] Level 1:colcon.colcon_core.package_identification:_identify(src/localization) by extensions ['ignore', 'ignore_ament_install']
[0.235s] Level 1:colcon.colcon_core.package_identification:_identify(src/localization) by extension 'ignore'
[0.235s] Level 1:colcon.colcon_core.package_identification:_identify(src/localization) by extension 'ignore_ament_install'
[0.235s] Level 1:colcon.colcon_core.package_identification:_identify(src/localization) by extensions ['colcon_pkg']
[0.235s] Level 1:colcon.colcon_core.package_identification:_identify(src/localization) by extension 'colcon_pkg'
[0.235s] Level 1:colcon.colcon_core.package_identification:_identify(src/localization) by extensions ['colcon_meta']
[0.235s] Level 1:colcon.colcon_core.package_identification:_identify(src/localization) by extension 'colcon_meta'
[0.235s] Level 1:colcon.colcon_core.package_identification:_identify(src/localization) by extensions ['ros']
[0.235s] Level 1:colcon.colcon_core.package_identification:_identify(src/localization) by extension 'ros'
[0.236s] DEBUG:colcon.colcon_core.package_identification:Package 'src/localization' with type 'ros.ament_cmake' and name 'localization'
[0.236s] Level 1:colcon.colcon_core.package_identification:_identify(src/navigation) by extensions ['ignore', 'ignore_ament_install']
[0.236s] Level 1:colcon.colcon_core.package_identification:_identify(src/navigation) by extension 'ignore'
[0.236s] Level 1:colcon.colcon_core.package_identification:_identify(src/navigation) by extension 'ignore_ament_install'
[0.236s] Level 1:colcon.colcon_core.package_identification:_identify(src/navigation) by extensions ['colcon_pkg']
[0.236s] Level 1:colcon.colcon_core.package_identification:_identify(src/navigation) by extension 'colcon_pkg'
[0.236s] Level 1:colcon.colcon_core.package_identification:_identify(src/navigation) by extensions ['colcon_meta']
[0.236s] Level 1:colcon.colcon_core.package_identification:_identify(src/navigation) by extension 'colcon_meta'
[0.236s] Level 1:colcon.colcon_core.package_identification:_identify(src/navigation) by extensions ['ros']
[0.236s] Level 1:colcon.colcon_core.package_identification:_identify(src/navigation) by extension 'ros'
[0.237s] DEBUG:colcon.colcon_core.package_identification:Package 'src/navigation' with type 'ros.ament_cmake' and name 'navigation'
[0.237s] Level 1:colcon.colcon_core.package_identification:_identify(src/slam_package) by extensions ['ignore', 'ignore_ament_install']
[0.237s] Level 1:colcon.colcon_core.package_identification:_identify(src/slam_package) by extension 'ignore'
[0.237s] Level 1:colcon.colcon_core.package_identification:_identify(src/slam_package) by extension 'ignore_ament_install'
[0.237s] Level 1:colcon.colcon_core.package_identification:_identify(src/slam_package) by extensions ['colcon_pkg']
[0.237s] Level 1:colcon.colcon_core.package_identification:_identify(src/slam_package) by extension 'colcon_pkg'
[0.237s] Level 1:colcon.colcon_core.package_identification:_identify(src/slam_package) by extensions ['colcon_meta']
[0.237s] Level 1:colcon.colcon_core.package_identification:_identify(src/slam_package) by extension 'colcon_meta'
[0.237s] Level 1:colcon.colcon_core.package_identification:_identify(src/slam_package) by extensions ['ros']
[0.237s] Level 1:colcon.colcon_core.package_identification:_identify(src/slam_package) by extension 'ros'
[0.237s] DEBUG:colcon.colcon_core.package_identification:Package 'src/slam_package' with type 'ros.ament_cmake' and name 'slam_package'
[0.237s] Level 1:colcon.colcon_core.package_discovery:discover_packages(recursive) using defaults
[0.237s] Level 1:colcon.colcon_core.package_discovery:discover_packages(ignore) discover
[0.238s] Level 1:colcon.colcon_core.package_discovery:discover_packages(ignore) using defaults
[0.238s] Level 1:colcon.colcon_core.package_discovery:discover_packages(path) discover
[0.238s] Level 1:colcon.colcon_core.package_discovery:discover_packages(path) using defaults
[0.263s] Level 1:colcon.colcon_core.package_discovery:discover_packages(prefix_path) check parameters
[0.263s] Level 1:colcon.colcon_core.package_discovery:discover_packages(prefix_path) discover
[0.265s] DEBUG:colcon.colcon_installed_package_information.package_discovery:Found 5 installed packages in /home/vini/ros2_ws/install
[0.266s] DEBUG:colcon.colcon_installed_package_information.package_discovery:Found 387 installed packages in /opt/ros/humble
[0.267s] Level 1:colcon.colcon_core.package_discovery:discover_packages(prefix_path) using defaults
[0.302s] Level 5:colcon.colcon_core.verb:set package 'four_wheel_robot_description' build argument 'cmake_args' from command line to 'None'
[0.302s] Level 5:colcon.colcon_core.verb:set package 'four_wheel_robot_description' build argument 'cmake_target' from command line to 'None'
[0.302s] Level 5:colcon.colcon_core.verb:set package 'four_wheel_robot_description' build argument 'cmake_target_skip_unavailable' from command line to 'False'
[0.303s] Level 5:colcon.colcon_core.verb:set package 'four_wheel_robot_description' build argument 'cmake_clean_cache' from command line to 'False'
[0.303s] Level 5:colcon.colcon_core.verb:set package 'four_wheel_robot_description' build argument 'cmake_clean_first' from command line to 'False'
[0.303s] Level 5:colcon.colcon_core.verb:set package 'four_wheel_robot_description' build argument 'cmake_force_configure' from command line to 'False'
[0.303s] Level 5:colcon.colcon_core.verb:set package 'four_wheel_robot_description' build argument 'ament_cmake_args' from command line to 'None'
[0.303s] Level 5:colcon.colcon_core.verb:set package 'four_wheel_robot_description' build argument 'catkin_cmake_args' from command line to 'None'
[0.303s] Level 5:colcon.colcon_core.verb:set package 'four_wheel_robot_description' build argument 'catkin_skip_building_tests' from command line to 'False'
[0.303s] DEBUG:colcon.colcon_core.verb:Building package 'four_wheel_robot_description' with the following arguments: {'ament_cmake_args': None, 'build_base': '/home/vini/ros2_ws/build/four_wheel_robot_description', 'catkin_cmake_args': None, 'catkin_skip_building_tests': False, 'cmake_args': None, 'cmake_clean_cache': False, 'cmake_clean_first': False, 'cmake_force_configure': False, 'cmake_target': None, 'cmake_target_skip_unavailable': False, 'install_base': '/home/vini/ros2_ws/install/four_wheel_robot_description', 'merge_install': False, 'path': '/home/vini/ros2_ws/src/four_wheel_robot_description', 'symlink_install': True, 'test_result_base': None}
[0.303s] Level 5:colcon.colcon_core.verb:set package 'localization' build argument 'cmake_args' from command line to 'None'
[0.303s] Level 5:colcon.colcon_core.verb:set package 'localization' build argument 'cmake_target' from command line to 'None'
[0.303s] Level 5:colcon.colcon_core.verb:set package 'localization' build argument 'cmake_target_skip_unavailable' from command line to 'False'
[0.303s] Level 5:colcon.colcon_core.verb:set package 'localization' build argument 'cmake_clean_cache' from command line to 'False'
[0.303s] Level 5:colcon.colcon_core.verb:set package 'localization' build argument 'cmake_clean_first' from command line to 'False'
[0.303s] Level 5:colcon.colcon_core.verb:set package 'localization' build argument 'cmake_force_configure' from command line to 'False'
[0.303s] Level 5:colcon.colcon_core.verb:set package 'localization' build argument 'ament_cmake_args' from command line to 'None'
[0.303s] Level 5:colcon.colcon_core.verb:set package 'localization' build argument 'catkin_cmake_args' from command line to 'None'
[0.303s] Level 5:colcon.colcon_core.verb:set package 'localization' build argument 'catkin_skip_building_tests' from command line to 'False'
[0.303s] DEBUG:colcon.colcon_core.verb:Building package 'localization' with the following arguments: {'ament_cmake_args': None, 'build_base': '/home/vini/ros2_ws/build/localization', 'catkin_cmake_args': None, 'catkin_skip_building_tests': False, 'cmake_args': None, 'cmake_clean_cache': False, 'cmake_clean_first': False, 'cmake_force_configure': False, 'cmake_target': None, 'cmake_target_skip_unavailable': False, 'install_base': '/home/vini/ros2_ws/install/localization', 'merge_install': False, 'path': '/home/vini/ros2_ws/src/localization', 'symlink_install': True, 'test_result_base': None}
[0.303s] Level 5:colcon.colcon_core.verb:set package 'navigation' build argument 'cmake_args' from command line to 'None'
[0.303s] Level 5:colcon.colcon_core.verb:set package 'navigation' build argument 'cmake_target' from command line to 'None'
[0.304s] Level 5:colcon.colcon_core.verb:set package 'navigation' build argument 'cmake_target_skip_unavailable' from command line to 'False'
[0.304s] Level 5:colcon.colcon_core.verb:set package 'navigation' build argument 'cmake_clean_cache' from command line to 'False'
[0.304s] Level 5:colcon.colcon_core.verb:set package 'navigation' build argument 'cmake_clean_first' from command line to 'False'
[0.304s] Level 5:colcon.colcon_core.verb:set package 'navigation' build argument 'cmake_force_configure' from command line to 'False'
[0.304s] Level 5:colcon.colcon_core.verb:set package 'navigation' build argument 'ament_cmake_args' from command line to 'None'
[0.304s] Level 5:colcon.colcon_core.verb:set package 'navigation' build argument 'catkin_cmake_args' from command line to 'None'
[0.304s] Level 5:colcon.colcon_core.verb:set package 'navigation' build argument 'catkin_skip_building_tests' from command line to 'False'
[0.304s] DEBUG:colcon.colcon_core.verb:Building package 'navigation' with the following arguments: {'ament_cmake_args': None, 'build_base': '/home/vini/ros2_ws/build/navigation', 'catkin_cmake_args': None, 'catkin_skip_building_tests': False, 'cmake_args': None, 'cmake_clean_cache': False, 'cmake_clean_first': False, 'cmake_force_configure': False, 'cmake_target': None, 'cmake_target_skip_unavailable': False, 'install_base': '/home/vini/ros2_ws/install/navigation', 'merge_install': False, 'path': '/home/vini/ros2_ws/src/navigation', 'symlink_install': True, 'test_result_base': None}
[0.304s] Level 5:colcon.colcon_core.verb:set package 'slam_package' build argument 'cmake_args' from command line to 'None'
[0.304s] Level 5:colcon.colcon_core.verb:set package 'slam_package' build argument 'cmake_target' from command line to 'None'
[0.304s] Level 5:colcon.colcon_core.verb:set package 'slam_package' build argument 'cmake_target_skip_unavailable' from command line to 'False'
[0.304s] Level 5:colcon.colcon_core.verb:set package 'slam_package' build argument 'cmake_clean_cache' from command line to 'False'
[0.304s] Level 5:colcon.colcon_core.verb:set package 'slam_package' build argument 'cmake_clean_first' from command line to 'False'
[0.304s] Level 5:colcon.colcon_core.verb:set package 'slam_package' build argument 'cmake_force_configure' from command line to 'False'
[0.304s] Level 5:colcon.colcon_core.verb:set package 'slam_package' build argument 'ament_cmake_args' from command line to 'None'
[0.304s] Level 5:colcon.colcon_core.verb:set package 'slam_package' build argument 'catkin_cmake_args' from command line to 'None'
[0.304s] Level 5:colcon.colcon_core.verb:set package 'slam_package' build argument 'catkin_skip_building_tests' from command line to 'False'
[0.304s] DEBUG:colcon.colcon_core.verb:Building package 'slam_package' with the following arguments: {'ament_cmake_args': None, 'build_base': '/home/vini/ros2_ws/build/slam_package', 'catkin_cmake_args': None, 'catkin_skip_building_tests': False, 'cmake_args': None, 'cmake_clean_cache': False, 'cmake_clean_first': False, 'cmake_force_configure': False, 'cmake_target': None, 'cmake_target_skip_unavailable': False, 'install_base': '/home/vini/ros2_ws/install/slam_package', 'merge_install': False, 'path': '/home/vini/ros2_ws/src/slam_package', 'symlink_install': True, 'test_result_base': None}
[0.304s] Level 5:colcon.colcon_core.verb:set package 'bringup' build argument 'cmake_args' from command line to 'None'
[0.304s] Level 5:colcon.colcon_core.verb:set package 'bringup' build argument 'cmake_target' from command line to 'None'
[0.304s] Level 5:colcon.colcon_core.verb:set package 'bringup' build argument 'cmake_target_skip_unavailable' from command line to 'False'
[0.304s] Level 5:colcon.colcon_core.verb:set package 'bringup' build argument 'cmake_clean_cache' from command line to 'False'
[0.304s] Level 5:colcon.colcon_core.verb:set package 'bringup' build argument 'cmake_clean_first' from command line to 'False'
[0.304s] Level 5:colcon.colcon_core.verb:set package 'bringup' build argument 'cmake_force_configure' from command line to 'False'
[0.304s] Level 5:colcon.colcon_core.verb:set package 'bringup' build argument 'ament_cmake_args' from command line to 'None'
[0.304s] Level 5:colcon.colcon_core.verb:set package 'bringup' build argument 'catkin_cmake_args' from command line to 'None'
[0.304s] Level 5:colcon.colcon_core.verb:set package 'bringup' build argument 'catkin_skip_building_tests' from command line to 'False'
[0.305s] DEBUG:colcon.colcon_core.verb:Building package 'bringup' with the following arguments: {'ament_cmake_args': None, 'build_base': '/home/vini/ros2_ws/build/bringup', 'catkin_cmake_args': None, 'catkin_skip_building_tests': False, 'cmake_args': None, 'cmake_clean_cache': False, 'cmake_clean_first': False, 'cmake_force_configure': False, 'cmake_target': None, 'cmake_target_skip_unavailable': False, 'install_base': '/home/vini/ros2_ws/install/bringup', 'merge_install': False, 'path': '/home/vini/ros2_ws/src/bringup', 'symlink_install': True, 'test_result_base': None}
[0.305s] INFO:colcon.colcon_core.executor:Executing jobs using 'parallel' executor
[0.305s] DEBUG:colcon.colcon_parallel_executor.executor.parallel:run_until_complete
[0.306s] INFO:colcon.colcon_ros.task.ament_cmake.build:Building ROS package in '/home/vini/ros2_ws/src/four_wheel_robot_description' with build type 'ament_cmake'
[0.306s] INFO:colcon.colcon_cmake.task.cmake.build:Building CMake package in '/home/vini/ros2_ws/src/four_wheel_robot_description'
[0.308s] INFO:colcon.colcon_core.plugin_system:Skipping extension 'colcon_core.shell.bat': Not used on non-Windows systems
[0.308s] INFO:colcon.colcon_core.shell:Skip shell extension 'powershell' for command environment: Not usable outside of PowerShell
[0.308s] DEBUG:colcon.colcon_core.shell:Skip shell extension 'dsv' for command environment
[0.316s] DEBUG:colcon.colcon_core.event_handler.log_command:Invoking command in '/home/vini/ros2_ws/build/four_wheel_robot_description': CMAKE_PREFIX_PATH=${CMAKE_PREFIX_PATH}:/opt/ros/humble /usr/bin/cmake --build /home/vini/ros2_ws/build/four_wheel_robot_description -- -j8 -l8
[0.347s] DEBUG:colcon.colcon_core.event_handler.log_command:Invoked command in '/home/vini/ros2_ws/build/four_wheel_robot_description' returned '0': CMAKE_PREFIX_PATH=${CMAKE_PREFIX_PATH}:/opt/ros/humble /usr/bin/cmake --build /home/vini/ros2_ws/build/four_wheel_robot_description -- -j8 -l8
[0.356s] DEBUG:colcon.colcon_core.event_handler.log_command:Invoking command in '/home/vini/ros2_ws/build/four_wheel_robot_description': CMAKE_PREFIX_PATH=${CMAKE_PREFIX_PATH}:/opt/ros/humble /usr/bin/cmake --install /home/vini/ros2_ws/build/four_wheel_robot_description
[0.374s] Level 1:colcon.colcon_core.environment:create_environment_scripts_only(four_wheel_robot_description)
[0.374s] DEBUG:colcon.colcon_core.event_handler.log_command:Invoked command in '/home/vini/ros2_ws/build/four_wheel_robot_description' returned '0': CMAKE_PREFIX_PATH=${CMAKE_PREFIX_PATH}:/opt/ros/humble /usr/bin/cmake --install /home/vini/ros2_ws/build/four_wheel_robot_description
[0.376s] Level 1:colcon.colcon_core.environment:checking '/home/vini/ros2_ws/install/four_wheel_robot_description' for CMake module files
[0.376s] Level 1:colcon.colcon_core.environment:checking '/home/vini/ros2_ws/install/four_wheel_robot_description' for CMake config files
[0.376s] Level 1:colcon.colcon_core.shell:create_environment_hook('four_wheel_robot_description', 'cmake_prefix_path')
[0.377s] INFO:colcon.colcon_core.shell:Creating environment hook '/home/vini/ros2_ws/install/four_wheel_robot_description/share/four_wheel_robot_description/hook/cmake_prefix_path.ps1'
[0.377s] INFO:colcon.colcon_core.shell:Creating environment descriptor '/home/vini/ros2_ws/install/four_wheel_robot_description/share/four_wheel_robot_description/hook/cmake_prefix_path.dsv'
[0.378s] INFO:colcon.colcon_core.shell:Creating environment hook '/home/vini/ros2_ws/install/four_wheel_robot_description/share/four_wheel_robot_description/hook/cmake_prefix_path.sh'
[0.378s] Level 1:colcon.colcon_core.environment:checking '/home/vini/ros2_ws/install/four_wheel_robot_description/bin'
[0.378s] Level 1:colcon.colcon_core.environment:checking '/home/vini/ros2_ws/install/four_wheel_robot_description/lib/pkgconfig/four_wheel_robot_description.pc'
[0.378s] Level 1:colcon.colcon_core.environment:checking '/home/vini/ros2_ws/install/four_wheel_robot_description/lib/python3.10/site-packages'
[0.379s] Level 1:colcon.colcon_core.environment:checking '/home/vini/ros2_ws/install/four_wheel_robot_description/bin'
[0.379s] INFO:colcon.colcon_core.shell:Creating package script '/home/vini/ros2_ws/install/four_wheel_robot_description/share/four_wheel_robot_description/package.ps1'
[0.379s] INFO:colcon.colcon_core.shell:Creating package descriptor '/home/vini/ros2_ws/install/four_wheel_robot_description/share/four_wheel_robot_description/package.dsv'
[0.380s] INFO:colcon.colcon_core.shell:Creating package script '/home/vini/ros2_ws/install/four_wheel_robot_description/share/four_wheel_robot_description/package.sh'
[0.380s] INFO:colcon.colcon_core.shell:Creating package script '/home/vini/ros2_ws/install/four_wheel_robot_description/share/four_wheel_robot_description/package.bash'
[0.381s] INFO:colcon.colcon_core.shell:Creating package script '/home/vini/ros2_ws/install/four_wheel_robot_description/share/four_wheel_robot_description/package.zsh'
[0.381s] Level 1:colcon.colcon_core.environment:create_file_with_runtime_dependencies(/home/vini/ros2_ws/install/four_wheel_robot_description/share/colcon-core/packages/four_wheel_robot_description)
[0.382s] Level 1:colcon.colcon_core.environment:create_environment_scripts_only(four_wheel_robot_description)
[0.382s] Level 1:colcon.colcon_core.environment:checking '/home/vini/ros2_ws/install/four_wheel_robot_description' for CMake module files
[0.382s] Level 1:colcon.colcon_core.environment:checking '/home/vini/ros2_ws/install/four_wheel_robot_description' for CMake config files
[0.382s] Level 1:colcon.colcon_core.shell:create_environment_hook('four_wheel_robot_description', 'cmake_prefix_path')
[0.382s] INFO:colcon.colcon_core.shell:Creating environment hook '/home/vini/ros2_ws/install/four_wheel_robot_description/share/four_wheel_robot_description/hook/cmake_prefix_path.ps1'
[0.383s] INFO:colcon.colcon_core.shell:Creating environment descriptor '/home/vini/ros2_ws/install/four_wheel_robot_description/share/four_wheel_robot_description/hook/cmake_prefix_path.dsv'
[0.383s] INFO:colcon.colcon_core.shell:Creating environment hook '/home/vini/ros2_ws/install/four_wheel_robot_description/share/four_wheel_robot_description/hook/cmake_prefix_path.sh'
[0.383s] Level 1:colcon.colcon_core.environment:checking '/home/vini/ros2_ws/install/four_wheel_robot_description/bin'
[0.383s] Level 1:colcon.colcon_core.environment:checking '/home/vini/ros2_ws/install/four_wheel_robot_description/lib/pkgconfig/four_wheel_robot_description.pc'
[0.383s] Level 1:colcon.colcon_core.environment:checking '/home/vini/ros2_ws/install/four_wheel_robot_description/lib/python3.10/site-packages'
[0.384s] Level 1:colcon.colcon_core.environment:checking '/home/vini/ros2_ws/install/four_wheel_robot_description/bin'
[0.384s] INFO:colcon.colcon_core.shell:Creating package script '/home/vini/ros2_ws/install/four_wheel_robot_description/share/four_wheel_robot_description/package.ps1'
[0.385s] INFO:colcon.colcon_core.shell:Creating package descriptor '/home/vini/ros2_ws/install/four_wheel_robot_description/share/four_wheel_robot_description/package.dsv'
[0.385s] INFO:colcon.colcon_core.shell:Creating package script '/home/vini/ros2_ws/install/four_wheel_robot_description/share/four_wheel_robot_description/package.sh'
[0.385s] INFO:colcon.colcon_core.shell:Creating package script '/home/vini/ros2_ws/install/four_wheel_robot_description/share/four_wheel_robot_description/package.bash'
[0.386s] INFO:colcon.colcon_core.shell:Creating package script '/home/vini/ros2_ws/install/four_wheel_robot_description/share/four_wheel_robot_description/package.zsh'
[0.386s] Level 1:colcon.colcon_core.environment:create_file_with_runtime_dependencies(/home/vini/ros2_ws/install/four_wheel_robot_description/share/colcon-core/packages/four_wheel_robot_description)
[0.386s] INFO:colcon.colcon_ros.task.ament_cmake.build:Building ROS package in '/home/vini/ros2_ws/src/localization' with build type 'ament_cmake'
[0.386s] INFO:colcon.colcon_cmake.task.cmake.build:Building CMake package in '/home/vini/ros2_ws/src/localization'
[0.387s] INFO:colcon.colcon_core.shell:Skip shell extension 'powershell' for command environment: Not usable outside of PowerShell
[0.387s] DEBUG:colcon.colcon_core.shell:Skip shell extension 'dsv' for command environment
[0.391s] INFO:colcon.colcon_ros.task.ament_cmake.build:Building ROS package in '/home/vini/ros2_ws/src/navigation' with build type 'ament_cmake'
[0.391s] INFO:colcon.colcon_cmake.task.cmake.build:Building CMake package in '/home/vini/ros2_ws/src/navigation'
[0.391s] INFO:colcon.colcon_core.shell:Skip shell extension 'powershell' for command environment: Not usable outside of PowerShell
[0.391s] DEBUG:colcon.colcon_core.shell:Skip shell extension 'dsv' for command environment
[0.395s] INFO:colcon.colcon_ros.task.ament_cmake.build:Building ROS package in '/home/vini/ros2_ws/src/slam_package' with build type 'ament_cmake'
[0.395s] INFO:colcon.colcon_cmake.task.cmake.build:Building CMake package in '/home/vini/ros2_ws/src/slam_package'
[0.395s] INFO:colcon.colcon_core.shell:Skip shell extension 'powershell' for command environment: Not usable outside of PowerShell
[0.395s] DEBUG:colcon.colcon_core.shell:Skip shell extension 'dsv' for command environment
[0.401s] DEBUG:colcon.colcon_core.event_handler.log_command:Invoking command in '/home/vini/ros2_ws/build/localization': CMAKE_PREFIX_PATH=/home/vini/ros2_ws/install/four_wheel_robot_description:/home/vini/ros2_ws/install/bringup:/home/vini/ros2_ws/install/slam_package:/home/vini/ros2_ws/install/navigation:/home/vini/ros2_ws/install/localization:/opt/ros/humble /usr/bin/cmake --build /home/vini/ros2_ws/build/localization -- -j8 -l8
[0.404s] DEBUG:colcon.colcon_core.event_handler.log_command:Invoking command in '/home/vini/ros2_ws/build/navigation': CMAKE_PREFIX_PATH=/home/vini/ros2_ws/install/four_wheel_robot_description:/home/vini/ros2_ws/install/bringup:/home/vini/ros2_ws/install/slam_package:/home/vini/ros2_ws/install/navigation:/home/vini/ros2_ws/install/localization:/opt/ros/humble /usr/bin/cmake --build /home/vini/ros2_ws/build/navigation -- -j8 -l8
[0.407s] DEBUG:colcon.colcon_core.event_handler.log_command:Invoking command in '/home/vini/ros2_ws/build/slam_package': CMAKE_PREFIX_PATH=/home/vini/ros2_ws/install/four_wheel_robot_description:/home/vini/ros2_ws/install/bringup:/home/vini/ros2_ws/install/slam_package:/home/vini/ros2_ws/install/navigation:/home/vini/ros2_ws/install/localization:/opt/ros/humble /usr/bin/cmake --build /home/vini/ros2_ws/build/slam_package -- -j8 -l8
[0.433s] DEBUG:colcon.colcon_core.event_handler.log_command:Invoked command in '/home/vini/ros2_ws/build/localization' returned '0': CMAKE_PREFIX_PATH=/home/vini/ros2_ws/install/four_wheel_robot_description:/home/vini/ros2_ws/install/bringup:/home/vini/ros2_ws/install/slam_package:/home/vini/ros2_ws/install/navigation:/home/vini/ros2_ws/install/localization:/opt/ros/humble /usr/bin/cmake --build /home/vini/ros2_ws/build/localization -- -j8 -l8
[0.436s] DEBUG:colcon.colcon_core.event_handler.log_command:Invoking command in '/home/vini/ros2_ws/build/localization': CMAKE_PREFIX_PATH=/home/vini/ros2_ws/install/four_wheel_robot_description:/home/vini/ros2_ws/install/bringup:/home/vini/ros2_ws/install/slam_package:/home/vini/ros2_ws/install/navigation:/home/vini/ros2_ws/install/localization:/opt/ros/humble /usr/bin/cmake --install /home/vini/ros2_ws/build/localization
[0.442s] DEBUG:colcon.colcon_core.event_handler.log_command:Invoked command in '/home/vini/ros2_ws/build/navigation' returned '0': CMAKE_PREFIX_PATH=/home/vini/ros2_ws/install/four_wheel_robot_description:/home/vini/ros2_ws/install/bringup:/home/vini/ros2_ws/install/slam_package:/home/vini/ros2_ws/install/navigation:/home/vini/ros2_ws/install/localization:/opt/ros/humble /usr/bin/cmake --build /home/vini/ros2_ws/build/navigation -- -j8 -l8
[0.445s] DEBUG:colcon.colcon_core.event_handler.log_command:Invoking command in '/home/vini/ros2_ws/build/navigation': CMAKE_PREFIX_PATH=/home/vini/ros2_ws/install/four_wheel_robot_description:/home/vini/ros2_ws/install/bringup:/home/vini/ros2_ws/install/slam_package:/home/vini/ros2_ws/install/navigation:/home/vini/ros2_ws/install/localization:/opt/ros/humble /usr/bin/cmake --install /home/vini/ros2_ws/build/navigation
[0.446s] DEBUG:colcon.colcon_core.event_handler.log_command:Invoked command in '/home/vini/ros2_ws/build/slam_package' returned '0': CMAKE_PREFIX_PATH=/home/vini/ros2_ws/install/four_wheel_robot_description:/home/vini/ros2_ws/install/bringup:/home/vini/ros2_ws/install/slam_package:/home/vini/ros2_ws/install/navigation:/home/vini/ros2_ws/install/localization:/opt/ros/humble /usr/bin/cmake --build /home/vini/ros2_ws/build/slam_package -- -j8 -l8
[0.448s] DEBUG:colcon.colcon_core.event_handler.log_command:Invoking command in '/home/vini/ros2_ws/build/slam_package': CMAKE_PREFIX_PATH=/home/vini/ros2_ws/install/four_wheel_robot_description:/home/vini/ros2_ws/install/bringup:/home/vini/ros2_ws/install/slam_package:/home/vini/ros2_ws/install/navigation:/home/vini/ros2_ws/install/localization:/opt/ros/humble /usr/bin/cmake --install /home/vini/ros2_ws/build/slam_package
[0.455s] Level 1:colcon.colcon_core.environment:create_environment_scripts_only(localization)
[0.455s] Level 1:colcon.colcon_core.environment:checking '/home/vini/ros2_ws/install/localization' for CMake module files
[0.458s] Level 1:colcon.colcon_core.environment:checking '/home/vini/ros2_ws/install/localization' for CMake config files
[0.459s] DEBUG:colcon.colcon_core.event_handler.log_command:Invoked command in '/home/vini/ros2_ws/build/localization' returned '0': CMAKE_PREFIX_PATH=/home/vini/ros2_ws/install/four_wheel_robot_description:/home/vini/ros2_ws/install/bringup:/home/vini/ros2_ws/install/slam_package:/home/vini/ros2_ws/install/navigation:/home/vini/ros2_ws/install/localization:/opt/ros/humble /usr/bin/cmake --install /home/vini/ros2_ws/build/localization
[0.460s] Level 1:colcon.colcon_core.shell:create_environment_hook('localization', 'cmake_prefix_path')
[0.460s] INFO:colcon.colcon_core.shell:Creating environment hook '/home/vini/ros2_ws/install/localization/share/localization/hook/cmake_prefix_path.ps1'
[0.461s] INFO:colcon.colcon_core.shell:Creating environment descriptor '/home/vini/ros2_ws/install/localization/share/localization/hook/cmake_prefix_path.dsv'
[0.461s] INFO:colcon.colcon_core.shell:Creating environment hook '/home/vini/ros2_ws/install/localization/share/localization/hook/cmake_prefix_path.sh'
[0.462s] Level 1:colcon.colcon_core.environment:checking '/home/vini/ros2_ws/install/localization/bin'
[0.462s] Level 1:colcon.colcon_core.environment:checking '/home/vini/ros2_ws/install/localization/lib/pkgconfig/localization.pc'
[0.462s] Level 1:colcon.colcon_core.environment:checking '/home/vini/ros2_ws/install/localization/lib/python3.10/site-packages'
[0.463s] Level 1:colcon.colcon_core.environment:checking '/home/vini/ros2_ws/install/localization/bin'
[0.463s] INFO:colcon.colcon_core.shell:Creating package script '/home/vini/ros2_ws/install/localization/share/localization/package.ps1'
[0.464s] INFO:colcon.colcon_core.shell:Creating package descriptor '/home/vini/ros2_ws/install/localization/share/localization/package.dsv'
[0.464s] INFO:colcon.colcon_core.shell:Creating package script '/home/vini/ros2_ws/install/localization/share/localization/package.sh'
[0.465s] INFO:colcon.colcon_core.shell:Creating package script '/home/vini/ros2_ws/install/localization/share/localization/package.bash'
[0.465s] INFO:colcon.colcon_core.shell:Creating package script '/home/vini/ros2_ws/install/localization/share/localization/package.zsh'
[0.466s] Level 1:colcon.colcon_core.environment:create_file_with_runtime_dependencies(/home/vini/ros2_ws/install/localization/share/colcon-core/packages/localization)
[0.467s] Level 1:colcon.colcon_core.environment:create_environment_scripts_only(localization)
[0.467s] Level 1:colcon.colcon_core.environment:checking '/home/vini/ros2_ws/install/localization' for CMake module files
[0.468s] Level 1:colcon.colcon_core.environment:checking '/home/vini/ros2_ws/install/localization' for CMake config files
[0.468s] Level 1:colcon.colcon_core.shell:create_environment_hook('localization', 'cmake_prefix_path')
[0.469s] INFO:colcon.colcon_core.shell:Creating environment hook '/home/vini/ros2_ws/install/localization/share/localization/hook/cmake_prefix_path.ps1'
[0.470s] INFO:colcon.colcon_core.shell:Creating environment descriptor '/home/vini/ros2_ws/install/localization/share/localization/hook/cmake_prefix_path.dsv'
[0.470s] INFO:colcon.colcon_core.shell:Creating environment hook '/home/vini/ros2_ws/install/localization/share/localization/hook/cmake_prefix_path.sh'
[0.471s] Level 1:colcon.colcon_core.environment:checking '/home/vini/ros2_ws/install/localization/bin'
[0.471s] Level 1:colcon.colcon_core.environment:checking '/home/vini/ros2_ws/install/localization/lib/pkgconfig/localization.pc'
[0.471s] Level 1:colcon.colcon_core.environment:checking '/home/vini/ros2_ws/install/localization/lib/python3.10/site-packages'
[0.472s] Level 1:colcon.colcon_core.environment:checking '/home/vini/ros2_ws/install/localization/bin'
[0.472s] INFO:colcon.colcon_core.shell:Creating package script '/home/vini/ros2_ws/install/localization/share/localization/package.ps1'
[0.473s] INFO:colcon.colcon_core.shell:Creating package descriptor '/home/vini/ros2_ws/install/localization/share/localization/package.dsv'
[0.473s] INFO:colcon.colcon_core.shell:Creating package script '/home/vini/ros2_ws/install/localization/share/localization/package.sh'
[0.474s] INFO:colcon.colcon_core.shell:Creating package script '/home/vini/ros2_ws/install/localization/share/localization/package.bash'
[0.474s] INFO:colcon.colcon_core.shell:Creating package script '/home/vini/ros2_ws/install/localization/share/localization/package.zsh'
[0.474s] Level 1:colcon.colcon_core.environment:create_file_with_runtime_dependencies(/home/vini/ros2_ws/install/localization/share/colcon-core/packages/localization)
[0.476s] Level 1:colcon.colcon_core.environment:create_environment_scripts_only(navigation)
[0.476s] Level 1:colcon.colcon_core.environment:checking '/home/vini/ros2_ws/install/navigation' for CMake module files
[0.477s] DEBUG:colcon.colcon_core.event_handler.log_command:Invoked command in '/home/vini/ros2_ws/build/navigation' returned '0': CMAKE_PREFIX_PATH=/home/vini/ros2_ws/install/four_wheel_robot_description:/home/vini/ros2_ws/install/bringup:/home/vini/ros2_ws/install/slam_package:/home/vini/ros2_ws/install/navigation:/home/vini/ros2_ws/install/localization:/opt/ros/humble /usr/bin/cmake --install /home/vini/ros2_ws/build/navigation
[0.477s] Level 1:colcon.colcon_core.environment:checking '/home/vini/ros2_ws/install/navigation' for CMake config files
[0.477s] Level 1:colcon.colcon_core.shell:create_environment_hook('navigation', 'cmake_prefix_path')
[0.477s] INFO:colcon.colcon_core.shell:Creating environment hook '/home/vini/ros2_ws/install/navigation/share/navigation/hook/cmake_prefix_path.ps1'
[0.478s] INFO:colcon.colcon_core.shell:Creating environment descriptor '/home/vini/ros2_ws/install/navigation/share/navigation/hook/cmake_prefix_path.dsv'
[0.478s] INFO:colcon.colcon_core.shell:Creating environment hook '/home/vini/ros2_ws/install/navigation/share/navigation/hook/cmake_prefix_path.sh'
[0.479s] Level 1:colcon.colcon_core.environment:checking '/home/vini/ros2_ws/install/navigation/bin'
[0.479s] Level 1:colcon.colcon_core.environment:checking '/home/vini/ros2_ws/install/navigation/lib/pkgconfig/navigation.pc'
[0.479s] Level 1:colcon.colcon_core.environment:checking '/home/vini/ros2_ws/install/navigation/lib/python3.10/site-packages'
[0.479s] Level 1:colcon.colcon_core.environment:checking '/home/vini/ros2_ws/install/navigation/bin'
[0.480s] INFO:colcon.colcon_core.shell:Creating package script '/home/vini/ros2_ws/install/navigation/share/navigation/package.ps1'
[0.480s] INFO:colcon.colcon_core.shell:Creating package descriptor '/home/vini/ros2_ws/install/navigation/share/navigation/package.dsv'
[0.480s] INFO:colcon.colcon_core.shell:Creating package script '/home/vini/ros2_ws/install/navigation/share/navigation/package.sh'
[0.481s] INFO:colcon.colcon_core.shell:Creating package script '/home/vini/ros2_ws/install/navigation/share/navigation/package.bash'
[0.481s] INFO:colcon.colcon_core.shell:Creating package script '/home/vini/ros2_ws/install/navigation/share/navigation/package.zsh'
[0.481s] Level 1:colcon.colcon_core.environment:create_file_with_runtime_dependencies(/home/vini/ros2_ws/install/navigation/share/colcon-core/packages/navigation)
[0.482s] Level 1:colcon.colcon_core.environment:create_environment_scripts_only(navigation)
[0.482s] Level 1:colcon.colcon_core.environment:checking '/home/vini/ros2_ws/install/navigation' for CMake module files
[0.483s] Level 1:colcon.colcon_core.environment:checking '/home/vini/ros2_ws/install/navigation' for CMake config files
[0.483s] Level 1:colcon.colcon_core.shell:create_environment_hook('navigation', 'cmake_prefix_path')
[0.483s] INFO:colcon.colcon_core.shell:Creating environment hook '/home/vini/ros2_ws/install/navigation/share/navigation/hook/cmake_prefix_path.ps1'
[0.483s] INFO:colcon.colcon_core.shell:Creating environment descriptor '/home/vini/ros2_ws/install/navigation/share/navigation/hook/cmake_prefix_path.dsv'
[0.484s] INFO:colcon.colcon_core.shell:Creating environment hook '/home/vini/ros2_ws/install/navigation/share/navigation/hook/cmake_prefix_path.sh'
[0.484s] Level 1:colcon.colcon_core.environment:checking '/home/vini/ros2_ws/install/navigation/bin'
[0.484s] Level 1:colcon.colcon_core.environment:checking '/home/vini/ros2_ws/install/navigation/lib/pkgconfig/navigation.pc'
[0.484s] Level 1:colcon.colcon_core.environment:checking '/home/vini/ros2_ws/install/navigation/lib/python3.10/site-packages'
[0.485s] Level 1:colcon.colcon_core.environment:checking '/home/vini/ros2_ws/install/navigation/bin'
[0.485s] INFO:colcon.colcon_core.shell:Creating package script '/home/vini/ros2_ws/install/navigation/share/navigation/package.ps1'
[0.485s] INFO:colcon.colcon_core.shell:Creating package descriptor '/home/vini/ros2_ws/install/navigation/share/navigation/package.dsv'
[0.486s] INFO:colcon.colcon_core.shell:Creating package script '/home/vini/ros2_ws/install/navigation/share/navigation/package.sh'
[0.486s] INFO:colcon.colcon_core.shell:Creating package script '/home/vini/ros2_ws/install/navigation/share/navigation/package.bash'
[0.486s] INFO:colcon.colcon_core.shell:Creating package script '/home/vini/ros2_ws/install/navigation/share/navigation/package.zsh'
[0.486s] Level 1:colcon.colcon_core.environment:create_file_with_runtime_dependencies(/home/vini/ros2_ws/install/navigation/share/colcon-core/packages/navigation)
[0.487s] Level 1:colcon.colcon_core.environment:create_environment_scripts_only(slam_package)
[0.487s] Level 1:colcon.colcon_core.environment:checking '/home/vini/ros2_ws/install/slam_package' for CMake module files
[0.488s] DEBUG:colcon.colcon_core.event_handler.log_command:Invoked command in '/home/vini/ros2_ws/build/slam_package' returned '0': CMAKE_PREFIX_PATH=/home/vini/ros2_ws/install/four_wheel_robot_description:/home/vini/ros2_ws/install/bringup:/home/vini/ros2_ws/install/slam_package:/home/vini/ros2_ws/install/navigation:/home/vini/ros2_ws/install/localization:/opt/ros/humble /usr/bin/cmake --install /home/vini/ros2_ws/build/slam_package
[0.488s] Level 1:colcon.colcon_core.environment:checking '/home/vini/ros2_ws/install/slam_package' for CMake config files
[0.489s] Level 1:colcon.colcon_core.shell:create_environment_hook('slam_package', 'cmake_prefix_path')
[0.489s] INFO:colcon.colcon_core.shell:Creating environment hook '/home/vini/ros2_ws/install/slam_package/share/slam_package/hook/cmake_prefix_path.ps1'
[0.489s] INFO:colcon.colcon_core.shell:Creating environment descriptor '/home/vini/ros2_ws/install/slam_package/share/slam_package/hook/cmake_prefix_path.dsv'
[0.490s] INFO:colcon.colcon_core.shell:Creating environment hook '/home/vini/ros2_ws/install/slam_package/share/slam_package/hook/cmake_prefix_path.sh'
[0.490s] Level 1:colcon.colcon_core.environment:checking '/home/vini/ros2_ws/install/slam_package/bin'
[0.490s] Level 1:colcon.colcon_core.environment:checking '/home/vini/ros2_ws/install/slam_package/lib/pkgconfig/slam_package.pc'
[0.491s] Level 1:colcon.colcon_core.environment:checking '/home/vini/ros2_ws/install/slam_package/lib/python3.10/site-packages'
[0.491s] Level 1:colcon.colcon_core.environment:checking '/home/vini/ros2_ws/install/slam_package/bin'
[0.491s] INFO:colcon.colcon_core.shell:Creating package script '/home/vini/ros2_ws/install/slam_package/share/slam_package/package.ps1'
[0.492s] INFO:colcon.colcon_core.shell:Creating package descriptor '/home/vini/ros2_ws/install/slam_package/share/slam_package/package.dsv'
[0.492s] INFO:colcon.colcon_core.shell:Creating package script '/home/vini/ros2_ws/install/slam_package/share/slam_package/package.sh'
[0.492s] INFO:colcon.colcon_core.shell:Creating package script '/home/vini/ros2_ws/install/slam_package/share/slam_package/package.bash'
[0.493s] INFO:colcon.colcon_core.shell:Creating package script '/home/vini/ros2_ws/install/slam_package/share/slam_package/package.zsh'
[0.493s] Level 1:colcon.colcon_core.environment:create_file_with_runtime_dependencies(/home/vini/ros2_ws/install/slam_package/share/colcon-core/packages/slam_package)
[0.493s] Level 1:colcon.colcon_core.environment:create_environment_scripts_only(slam_package)
[0.494s] Level 1:colcon.colcon_core.environment:checking '/home/vini/ros2_ws/install/slam_package' for CMake module files
[0.494s] Level 1:colcon.colcon_core.environment:checking '/home/vini/ros2_ws/install/slam_package' for CMake config files
[0.494s] Level 1:colcon.colcon_core.shell:create_environment_hook('slam_package', 'cmake_prefix_path')
[0.495s] INFO:colcon.colcon_core.shell:Creating environment hook '/home/vini/ros2_ws/install/slam_package/share/slam_package/hook/cmake_prefix_path.ps1'
[0.495s] INFO:colcon.colcon_core.shell:Creating environment descriptor '/home/vini/ros2_ws/install/slam_package/share/slam_package/hook/cmake_prefix_path.dsv'
[0.495s] INFO:colcon.colcon_core.shell:Creating environment hook '/home/vini/ros2_ws/install/slam_package/share/slam_package/hook/cmake_prefix_path.sh'
[0.496s] Level 1:colcon.colcon_core.environment:checking '/home/vini/ros2_ws/install/slam_package/bin'
[0.496s] Level 1:colcon.colcon_core.environment:checking '/home/vini/ros2_ws/install/slam_package/lib/pkgconfig/slam_package.pc'
[0.496s] Level 1:colcon.colcon_core.environment:checking '/home/vini/ros2_ws/install/slam_package/lib/python3.10/site-packages'
[0.496s] Level 1:colcon.colcon_core.environment:checking '/home/vini/ros2_ws/install/slam_package/bin'
[0.496s] INFO:colcon.colcon_core.shell:Creating package script '/home/vini/ros2_ws/install/slam_package/share/slam_package/package.ps1'
[0.497s] INFO:colcon.colcon_core.shell:Creating package descriptor '/home/vini/ros2_ws/install/slam_package/share/slam_package/package.dsv'
[0.497s] INFO:colcon.colcon_core.shell:Creating package script '/home/vini/ros2_ws/install/slam_package/share/slam_package/package.sh'
[0.497s] INFO:colcon.colcon_core.shell:Creating package script '/home/vini/ros2_ws/install/slam_package/share/slam_package/package.bash'
[0.498s] INFO:colcon.colcon_core.shell:Creating package script '/home/vini/ros2_ws/install/slam_package/share/slam_package/package.zsh'
[0.498s] Level 1:colcon.colcon_core.environment:create_file_with_runtime_dependencies(/home/vini/ros2_ws/install/slam_package/share/colcon-core/packages/slam_package)
[0.498s] INFO:colcon.colcon_ros.task.ament_cmake.build:Building ROS package in '/home/vini/ros2_ws/src/bringup' with build type 'ament_cmake'
[0.498s] INFO:colcon.colcon_cmake.task.cmake.build:Building CMake package in '/home/vini/ros2_ws/src/bringup'
[0.499s] INFO:colcon.colcon_core.shell:Skip shell extension 'powershell' for command environment: Not usable outside of PowerShell
[0.499s] DEBUG:colcon.colcon_core.shell:Skip shell extension 'dsv' for command environment
[0.509s] DEBUG:colcon.colcon_core.event_handler.log_command:Invoking command in '/home/vini/ros2_ws/build/bringup': CMAKE_PREFIX_PATH=/home/vini/ros2_ws/install/slam_package:/home/vini/ros2_ws/install/navigation:/home/vini/ros2_ws/install/localization:/home/vini/ros2_ws/install/four_wheel_robot_description:/home/vini/ros2_ws/install/bringup:/opt/ros/humble /usr/bin/cmake --build /home/vini/ros2_ws/build/bringup -- -j8 -l8
[0.539s] DEBUG:colcon.colcon_core.event_handler.log_command:Invoked command in '/home/vini/ros2_ws/build/bringup' returned '0': CMAKE_PREFIX_PATH=/home/vini/ros2_ws/install/slam_package:/home/vini/ros2_ws/install/navigation:/home/vini/ros2_ws/install/localization:/home/vini/ros2_ws/install/four_wheel_robot_description:/home/vini/ros2_ws/install/bringup:/opt/ros/humble /usr/bin/cmake --build /home/vini/ros2_ws/build/bringup -- -j8 -l8
[0.541s] DEBUG:colcon.colcon_core.event_handler.log_command:Invoking command in '/home/vini/ros2_ws/build/bringup': CMAKE_PREFIX_PATH=/home/vini/ros2_ws/install/slam_package:/home/vini/ros2_ws/install/navigation:/home/vini/ros2_ws/install/localization:/home/vini/ros2_ws/install/four_wheel_robot_description:/home/vini/ros2_ws/install/bringup:/opt/ros/humble /usr/bin/cmake --install /home/vini/ros2_ws/build/bringup
[0.559s] Level 1:colcon.colcon_core.environment:create_environment_scripts_only(bringup)
[0.559s] Level 1:colcon.colcon_core.environment:checking '/home/vini/ros2_ws/install/bringup' for CMake module files
[0.560s] DEBUG:colcon.colcon_core.event_handler.log_command:Invoked command in '/home/vini/ros2_ws/build/bringup' returned '0': CMAKE_PREFIX_PATH=/home/vini/ros2_ws/install/slam_package:/home/vini/ros2_ws/install/navigation:/home/vini/ros2_ws/install/localization:/home/vini/ros2_ws/install/four_wheel_robot_description:/home/vini/ros2_ws/install/bringup:/opt/ros/humble /usr/bin/cmake --install /home/vini/ros2_ws/build/bringup
[0.560s] Level 1:colcon.colcon_core.environment:checking '/home/vini/ros2_ws/install/bringup' for CMake config files
[0.561s] Level 1:colcon.colcon_core.shell:create_environment_hook('bringup', 'cmake_prefix_path')
[0.561s] INFO:colcon.colcon_core.shell:Creating environment hook '/home/vini/ros2_ws/install/bringup/share/bringup/hook/cmake_prefix_path.ps1'
[0.561s] INFO:colcon.colcon_core.shell:Creating environment descriptor '/home/vini/ros2_ws/install/bringup/share/bringup/hook/cmake_prefix_path.dsv'
[0.562s] INFO:colcon.colcon_core.shell:Creating environment hook '/home/vini/ros2_ws/install/bringup/share/bringup/hook/cmake_prefix_path.sh'
[0.562s] Level 1:colcon.colcon_core.environment:checking '/home/vini/ros2_ws/install/bringup/bin'
[0.562s] Level 1:colcon.colcon_core.environment:checking '/home/vini/ros2_ws/install/bringup/lib/pkgconfig/bringup.pc'
[0.562s] Level 1:colcon.colcon_core.environment:checking '/home/vini/ros2_ws/install/bringup/lib/python3.10/site-packages'
[0.562s] Level 1:colcon.colcon_core.environment:checking '/home/vini/ros2_ws/install/bringup/bin'
[0.563s] INFO:colcon.colcon_core.shell:Creating package script '/home/vini/ros2_ws/install/bringup/share/bringup/package.ps1'
[0.563s] INFO:colcon.colcon_core.shell:Creating package descriptor '/home/vini/ros2_ws/install/bringup/share/bringup/package.dsv'
[0.563s] INFO:colcon.colcon_core.shell:Creating package script '/home/vini/ros2_ws/install/bringup/share/bringup/package.sh'
[0.564s] INFO:colcon.colcon_core.shell:Creating package script '/home/vini/ros2_ws/install/bringup/share/bringup/package.bash'
[0.564s] INFO:colcon.colcon_core.shell:Creating package script '/home/vini/ros2_ws/install/bringup/share/bringup/package.zsh'
[0.564s] Level 1:colcon.colcon_core.environment:create_file_with_runtime_dependencies(/home/vini/ros2_ws/install/bringup/share/colcon-core/packages/bringup)
[0.565s] Level 1:colcon.colcon_core.environment:create_environment_scripts_only(bringup)
[0.565s] Level 1:colcon.colcon_core.environment:checking '/home/vini/ros2_ws/install/bringup' for CMake module files
[0.565s] Level 1:colcon.colcon_core.environment:checking '/home/vini/ros2_ws/install/bringup' for CMake config files
[0.565s] Level 1:colcon.colcon_core.shell:create_environment_hook('bringup', 'cmake_prefix_path')
[0.566s] INFO:colcon.colcon_core.shell:Creating environment hook '/home/vini/ros2_ws/install/bringup/share/bringup/hook/cmake_prefix_path.ps1'
[0.566s] INFO:colcon.colcon_core.shell:Creating environment descriptor '/home/vini/ros2_ws/install/bringup/share/bringup/hook/cmake_prefix_path.dsv'
[0.566s] INFO:colcon.colcon_core.shell:Creating environment hook '/home/vini/ros2_ws/install/bringup/share/bringup/hook/cmake_prefix_path.sh'
[0.567s] Level 1:colcon.colcon_core.environment:checking '/home/vini/ros2_ws/install/bringup/bin'
[0.567s] Level 1:colcon.colcon_core.environment:checking '/home/vini/ros2_ws/install/bringup/lib/pkgconfig/bringup.pc'
[0.567s] Level 1:colcon.colcon_core.environment:checking '/home/vini/ros2_ws/install/bringup/lib/python3.10/site-packages'
[0.567s] Level 1:colcon.colcon_core.environment:checking '/home/vini/ros2_ws/install/bringup/bin'
[0.567s] INFO:colcon.colcon_core.shell:Creating package script '/home/vini/ros2_ws/install/bringup/share/bringup/package.ps1'
[0.568s] INFO:colcon.colcon_core.shell:Creating package descriptor '/home/vini/ros2_ws/install/bringup/share/bringup/package.dsv'
[0.568s] INFO:colcon.colcon_core.shell:Creating package script '/home/vini/ros2_ws/install/bringup/share/bringup/package.sh'
[0.569s] INFO:colcon.colcon_core.shell:Creating package script '/home/vini/ros2_ws/install/bringup/share/bringup/package.bash'
[0.569s] INFO:colcon.colcon_core.shell:Creating package script '/home/vini/ros2_ws/install/bringup/share/bringup/package.zsh'
[0.570s] Level 1:colcon.colcon_core.environment:create_file_with_runtime_dependencies(/home/vini/ros2_ws/install/bringup/share/colcon-core/packages/bringup)
[0.570s] DEBUG:colcon.colcon_parallel_executor.executor.parallel:closing loop
[0.570s] DEBUG:colcon.colcon_parallel_executor.executor.parallel:loop closed
[0.570s] DEBUG:colcon.colcon_parallel_executor.executor.parallel:run_until_complete finished with '0'
[0.570s] DEBUG:colcon.colcon_core.event_reactor:joining thread
[0.576s] INFO:colcon.colcon_core.plugin_system:Skipping extension 'colcon_notification.desktop_notification.terminal_notifier': Not used on non-Darwin systems
[0.576s] INFO:colcon.colcon_core.plugin_system:Skipping extension 'colcon_notification.desktop_notification.win32': Not used on non-Windows systems
[0.576s] INFO:colcon.colcon_notification.desktop_notification:Sending desktop notification using 'notify2'
[0.586s] DEBUG:colcon.colcon_core.event_reactor:joined thread
[0.586s] INFO:colcon.colcon_core.shell:Creating prefix script '/home/vini/ros2_ws/install/local_setup.ps1'
[0.588s] INFO:colcon.colcon_core.shell:Creating prefix util module '/home/vini/ros2_ws/install/_local_setup_util_ps1.py'
[0.589s] INFO:colcon.colcon_core.shell:Creating prefix chain script '/home/vini/ros2_ws/install/setup.ps1'
[0.590s] INFO:colcon.colcon_core.shell:Creating prefix script '/home/vini/ros2_ws/install/local_setup.sh'
[0.591s] INFO:colcon.colcon_core.shell:Creating prefix util module '/home/vini/ros2_ws/install/_local_setup_util_sh.py'
[0.591s] INFO:colcon.colcon_core.shell:Creating prefix chain script '/home/vini/ros2_ws/install/setup.sh'
[0.592s] INFO:colcon.colcon_core.shell:Creating prefix script '/home/vini/ros2_ws/install/local_setup.bash'
[0.593s] INFO:colcon.colcon_core.shell:Creating prefix chain script '/home/vini/ros2_ws/install/setup.bash'
[0.594s] INFO:colcon.colcon_core.shell:Creating prefix script '/home/vini/ros2_ws/install/local_setup.zsh'
[0.594s] INFO:colcon.colcon_core.shell:Creating prefix chain script '/home/vini/ros2_ws/install/setup.zsh'
