-- The C compiler identification is GNU 11.4.0
-- The CXX compiler identification is GNU 11.4.0
-- Detecting C compiler ABI info
-- Detecting C compiler ABI info - done
-- Check for working C compiler: /usr/bin/cc - skipped
-- Detecting C compile features
-- Detecting C compile features - done
-- Detecting CXX compiler ABI info
-- Detecting CXX compiler ABI info - done
-- Check for working CXX compiler: /usr/bin/c++ - skipped
-- Detecting CXX compile features
-- Detecting CXX compile features - done
-- Found ament_cmake: 1.3.13 (/opt/ros/humble/share/ament_cmake/cmake)
-- Found Python3: /usr/bin/python3 (found version "3.10.12") found components: Interpreter 
-- Override CMake install command with custom implementation using symlinks instead of copying resources
-- Configuring done
-- Generating done
-- Build files have been written to: /home/vini/ros2_ws/build/slam_package
-- Install configuration: ""
-- Execute custom install script
-- Symlinking: /home/vini/ros2_ws/install/slam_package/share/slam_package/launch/slam.launch.py
-- Symlinking: /home/vini/ros2_ws/install/slam_package/share/slam_package/config/slam.rviz
-- Symlinking: /home/vini/ros2_ws/install/slam_package/share/slam_package/config/slam.yaml
-- Symlinking: /home/vini/ros2_ws/install/slam_package/share/ament_index/resource_index/package_run_dependencies/slam_package
-- Symlinking: /home/vini/ros2_ws/install/slam_package/share/ament_index/resource_index/parent_prefix_path/slam_package
-- Symlinking: /home/vini/ros2_ws/install/slam_package/share/slam_package/environment/ament_prefix_path.sh
-- Symlinking: /home/vini/ros2_ws/install/slam_package/share/slam_package/environment/ament_prefix_path.dsv
-- Symlinking: /home/vini/ros2_ws/install/slam_package/share/slam_package/environment/path.sh
-- Symlinking: /home/vini/ros2_ws/install/slam_package/share/slam_package/environment/path.dsv
-- Symlinking: /home/vini/ros2_ws/install/slam_package/share/slam_package/local_setup.bash
-- Symlinking: /home/vini/ros2_ws/install/slam_package/share/slam_package/local_setup.sh
-- Symlinking: /home/vini/ros2_ws/install/slam_package/share/slam_package/local_setup.zsh
-- Symlinking: /home/vini/ros2_ws/install/slam_package/share/slam_package/local_setup.dsv
-- Symlinking: /home/vini/ros2_ws/install/slam_package/share/slam_package/package.dsv
-- Symlinking: /home/vini/ros2_ws/install/slam_package/share/ament_index/resource_index/packages/slam_package
-- Symlinking: /home/vini/ros2_ws/install/slam_package/share/slam_package/cmake/slam_packageConfig.cmake
-- Symlinking: /home/vini/ros2_ws/install/slam_package/share/slam_package/cmake/slam_packageConfig-version.cmake
-- Symlinking: /home/vini/ros2_ws/install/slam_package/share/slam_package/package.xml
