[0.014s] Invoking command in '/home/vini/ros2_ws/build/slam_package': CMAKE_PREFIX_PATH=${CMAKE_PREFIX_PATH}:/opt/ros/humble /usr/bin/cmake /home/vini/ros2_ws/src/slam_package -DAMENT_CMAKE_SYMLINK_INSTALL=1 -DCMAKE_INSTALL_PREFIX=/home/vini/ros2_ws/install/slam_package
[0.102s] -- The C compiler identification is GNU 11.4.0
[0.177s] -- The CXX compiler identification is GNU 11.4.0
[0.185s] -- Detecting C compiler ABI info
[0.242s] -- Detecting C compiler ABI info - done
[0.248s] -- Check for working C compiler: /usr/bin/cc - skipped
[0.248s] -- Detecting C compile features
[0.249s] -- Detecting C compile features - done
[0.251s] -- Detecting CXX compiler ABI info
[0.324s] -- Detecting CXX compiler ABI info - done
[0.331s] -- Check for working CXX compiler: /usr/bin/c++ - skipped
[0.331s] -- Detecting CXX compile features
[0.331s] -- Detecting CXX compile features - done
[0.338s] -- Found ament_cmake: 1.3.13 (/opt/ros/humble/share/ament_cmake/cmake)
[0.523s] -- Found Python3: /usr/bin/python3 (found version "3.10.12") found components: Interpreter 
[0.589s] -- Override CMake install command with custom implementation using symlinks instead of copying resources
[0.731s] -- Configuring done
[0.733s] -- Generating done
[0.735s] -- Build files have been written to: /home/vini/ros2_ws/build/slam_package
[0.740s] Invoked command in '/home/vini/ros2_ws/build/slam_package' returned '0': CMAKE_PREFIX_PATH=${CMAKE_PREFIX_PATH}:/opt/ros/humble /usr/bin/cmake /home/vini/ros2_ws/src/slam_package -DAMENT_CMAKE_SYMLINK_INSTALL=1 -DCMAKE_INSTALL_PREFIX=/home/vini/ros2_ws/install/slam_package
[0.742s] Invoking command in '/home/vini/ros2_ws/build/slam_package': CMAKE_PREFIX_PATH=${CMAKE_PREFIX_PATH}:/opt/ros/humble /usr/bin/cmake --build /home/vini/ros2_ws/build/slam_package -- -j8 -l8
[0.776s] Invoked command in '/home/vini/ros2_ws/build/slam_package' returned '0': CMAKE_PREFIX_PATH=${CMAKE_PREFIX_PATH}:/opt/ros/humble /usr/bin/cmake --build /home/vini/ros2_ws/build/slam_package -- -j8 -l8
[0.785s] Invoking command in '/home/vini/ros2_ws/build/slam_package': CMAKE_PREFIX_PATH=${CMAKE_PREFIX_PATH}:/opt/ros/humble /usr/bin/cmake --install /home/vini/ros2_ws/build/slam_package
[0.792s] -- Install configuration: ""
[0.793s] -- Execute custom install script
[0.793s] -- Symlinking: /home/vini/ros2_ws/install/slam_package/share/slam_package/launch/slam.launch.py
[0.804s] -- Symlinking: /home/vini/ros2_ws/install/slam_package/share/slam_package/config/slam.rviz
[0.815s] -- Symlinking: /home/vini/ros2_ws/install/slam_package/share/slam_package/config/slam.yaml
[0.823s] -- Symlinking: /home/vini/ros2_ws/install/slam_package/share/ament_index/resource_index/package_run_dependencies/slam_package
[0.832s] -- Symlinking: /home/vini/ros2_ws/install/slam_package/share/ament_index/resource_index/parent_prefix_path/slam_package
[0.838s] -- Symlinking: /home/vini/ros2_ws/install/slam_package/share/slam_package/environment/ament_prefix_path.sh
[0.846s] -- Symlinking: /home/vini/ros2_ws/install/slam_package/share/slam_package/environment/ament_prefix_path.dsv
[0.854s] -- Symlinking: /home/vini/ros2_ws/install/slam_package/share/slam_package/environment/path.sh
[0.862s] -- Symlinking: /home/vini/ros2_ws/install/slam_package/share/slam_package/environment/path.dsv
[0.869s] -- Symlinking: /home/vini/ros2_ws/install/slam_package/share/slam_package/local_setup.bash
[0.877s] -- Symlinking: /home/vini/ros2_ws/install/slam_package/share/slam_package/local_setup.sh
[0.891s] -- Symlinking: /home/vini/ros2_ws/install/slam_package/share/slam_package/local_setup.zsh
[0.897s] -- Symlinking: /home/vini/ros2_ws/install/slam_package/share/slam_package/local_setup.dsv
[0.907s] -- Symlinking: /home/vini/ros2_ws/install/slam_package/share/slam_package/package.dsv
[0.915s] -- Symlinking: /home/vini/ros2_ws/install/slam_package/share/ament_index/resource_index/packages/slam_package
[0.923s] -- Symlinking: /home/vini/ros2_ws/install/slam_package/share/slam_package/cmake/slam_packageConfig.cmake
[0.932s] -- Symlinking: /home/vini/ros2_ws/install/slam_package/share/slam_package/cmake/slam_packageConfig-version.cmake
[0.941s] -- Symlinking: /home/vini/ros2_ws/install/slam_package/share/slam_package/package.xml
[0.950s] Invoked command in '/home/vini/ros2_ws/build/slam_package' returned '0': CMAKE_PREFIX_PATH=${CMAKE_PREFIX_PATH}:/opt/ros/humble /usr/bin/cmake --install /home/vini/ros2_ws/build/slam_package
