[0.013s] Invoking command in '/home/vini/ros2_ws/build/navigation': AMENT_PREFIX_PATH=/home/vini/ros2_ws/install/four_wheel_robot_description:${AMENT_PREFIX_PATH} CMAKE_PREFIX_PATH=/home/vini/ros2_ws/install/four_wheel_robot_description:/opt/ros/humble /usr/bin/cmake --build /home/vini/ros2_ws/build/navigation -- -j8 -l8
[0.053s] Invoked command in '/home/vini/ros2_ws/build/navigation' returned '0': AMENT_PREFIX_PATH=/home/vini/ros2_ws/install/four_wheel_robot_description:${AMENT_PREFIX_PATH} CMAKE_PREFIX_PATH=/home/vini/ros2_ws/install/four_wheel_robot_description:/opt/ros/humble /usr/bin/cmake --build /home/vini/ros2_ws/build/navigation -- -j8 -l8
[0.055s] Invoking command in '/home/vini/ros2_ws/build/navigation': AMENT_PREFIX_PATH=/home/vini/ros2_ws/install/four_wheel_robot_description:${AMENT_PREFIX_PATH} CMAKE_PREFIX_PATH=/home/vini/ros2_ws/install/four_wheel_robot_description:/opt/ros/humble /usr/bin/cmake --install /home/vini/ros2_ws/build/navigation
[0.063s] -- Install configuration: ""
[0.064s] -- Execute custom install script
[0.065s] -- Up-to-date symlink: /home/vini/ros2_ws/install/navigation/share/navigation/launch/navigation.launch.py
[0.065s] -- Up-to-date symlink: /home/vini/ros2_ws/install/navigation/share/navigation/config/costmap.yaml
[0.065s] -- Up-to-date symlink: /home/vini/ros2_ws/install/navigation/share/navigation/config/nav2_params.yaml
[0.065s] -- Up-to-date symlink: /home/vini/ros2_ws/install/navigation/share/navigation/config/navigation.rviz
[0.067s] -- Up-to-date symlink: /home/vini/ros2_ws/install/navigation/share/ament_index/resource_index/package_run_dependencies/navigation
[0.067s] -- Up-to-date symlink: /home/vini/ros2_ws/install/navigation/share/ament_index/resource_index/parent_prefix_path/navigation
[0.067s] -- Up-to-date symlink: /home/vini/ros2_ws/install/navigation/share/navigation/environment/ament_prefix_path.sh
[0.068s] -- Up-to-date symlink: /home/vini/ros2_ws/install/navigation/share/navigation/environment/ament_prefix_path.dsv
[0.068s] -- Up-to-date symlink: /home/vini/ros2_ws/install/navigation/share/navigation/environment/path.sh
[0.068s] -- Up-to-date symlink: /home/vini/ros2_ws/install/navigation/share/navigation/environment/path.dsv
[0.068s] -- Up-to-date symlink: /home/vini/ros2_ws/install/navigation/share/navigation/local_setup.bash
[0.068s] -- Up-to-date symlink: /home/vini/ros2_ws/install/navigation/share/navigation/local_setup.sh
[0.068s] -- Up-to-date symlink: /home/vini/ros2_ws/install/navigation/share/navigation/local_setup.zsh
[0.068s] -- Up-to-date symlink: /home/vini/ros2_ws/install/navigation/share/navigation/local_setup.dsv
[0.069s] -- Symlinking: /home/vini/ros2_ws/install/navigation/share/navigation/package.dsv
[0.077s] -- Up-to-date symlink: /home/vini/ros2_ws/install/navigation/share/ament_index/resource_index/packages/navigation
[0.077s] -- Up-to-date symlink: /home/vini/ros2_ws/install/navigation/share/navigation/cmake/navigationConfig.cmake
[0.077s] -- Up-to-date symlink: /home/vini/ros2_ws/install/navigation/share/navigation/cmake/navigationConfig-version.cmake
[0.077s] -- Up-to-date symlink: /home/vini/ros2_ws/install/navigation/share/navigation/package.xml
[0.093s] Invoked command in '/home/vini/ros2_ws/build/navigation' returned '0': AMENT_PREFIX_PATH=/home/vini/ros2_ws/install/four_wheel_robot_description:${AMENT_PREFIX_PATH} CMAKE_PREFIX_PATH=/home/vini/ros2_ws/install/four_wheel_robot_description:/opt/ros/humble /usr/bin/cmake --install /home/vini/ros2_ws/build/navigation
