[0.008s] Invoking command in '/home/vini/ros2_ws/build/bringup': AMENT_PREFIX_PATH=/home/vini/ros2_ws/install/slam_package:/home/vini/ros2_ws/install/navigation:/home/vini/ros2_ws/install/localization:/home/vini/ros2_ws/install/four_wheel_robot_description:${AMENT_PREFIX_PATH} CMAKE_PREFIX_PATH=/home/vini/ros2_ws/install/slam_package:/home/vini/ros2_ws/install/navigation:/home/vini/ros2_ws/install/localization:/home/vini/ros2_ws/install/four_wheel_robot_description:/opt/ros/humble /usr/bin/cmake /home/vini/ros2_ws/src/bringup -DAMENT_CMAKE_SYMLINK_INSTALL=1 -DCMAKE_INSTALL_PREFIX=/home/vini/ros2_ws/install/bringup
[0.078s] -- The C compiler identification is GNU 11.4.0
[0.150s] -- The CXX compiler identification is GNU 11.4.0
[0.157s] -- Detecting C compiler ABI info
[0.215s] -- Detecting C compiler ABI info - done
[0.223s] -- Check for working C compiler: /usr/bin/cc - skipped
[0.223s] -- Detecting C compile features
[0.224s] -- Detecting C compile features - done
[0.227s] -- Detecting CXX compiler ABI info
[0.298s] -- Detecting CXX compiler ABI info - done
[0.305s] -- Check for working CXX compiler: /usr/bin/c++ - skipped
[0.305s] -- Detecting CXX compile features
[0.305s] -- Detecting CXX compile features - done
[0.308s] -- Found ament_cmake: 1.3.13 (/opt/ros/humble/share/ament_cmake/cmake)
[0.463s] -- Found Python3: /usr/bin/python3 (found version "3.10.12") found components: Interpreter 
[0.512s] -- Override CMake install command with custom implementation using symlinks instead of copying resources
[0.594s] -- Configuring done
[0.597s] -- Generating done
[0.599s] -- Build files have been written to: /home/vini/ros2_ws/build/bringup
[0.604s] Invoked command in '/home/vini/ros2_ws/build/bringup' returned '0': AMENT_PREFIX_PATH=/home/vini/ros2_ws/install/slam_package:/home/vini/ros2_ws/install/navigation:/home/vini/ros2_ws/install/localization:/home/vini/ros2_ws/install/four_wheel_robot_description:${AMENT_PREFIX_PATH} CMAKE_PREFIX_PATH=/home/vini/ros2_ws/install/slam_package:/home/vini/ros2_ws/install/navigation:/home/vini/ros2_ws/install/localization:/home/vini/ros2_ws/install/four_wheel_robot_description:/opt/ros/humble /usr/bin/cmake /home/vini/ros2_ws/src/bringup -DAMENT_CMAKE_SYMLINK_INSTALL=1 -DCMAKE_INSTALL_PREFIX=/home/vini/ros2_ws/install/bringup
[0.604s] Invoking command in '/home/vini/ros2_ws/build/bringup': AMENT_PREFIX_PATH=/home/vini/ros2_ws/install/slam_package:/home/vini/ros2_ws/install/navigation:/home/vini/ros2_ws/install/localization:/home/vini/ros2_ws/install/four_wheel_robot_description:${AMENT_PREFIX_PATH} CMAKE_PREFIX_PATH=/home/vini/ros2_ws/install/slam_package:/home/vini/ros2_ws/install/navigation:/home/vini/ros2_ws/install/localization:/home/vini/ros2_ws/install/four_wheel_robot_description:/opt/ros/humble /usr/bin/cmake --build /home/vini/ros2_ws/build/bringup -- -j8 -l8
[0.634s] Invoked command in '/home/vini/ros2_ws/build/bringup' returned '0': AMENT_PREFIX_PATH=/home/vini/ros2_ws/install/slam_package:/home/vini/ros2_ws/install/navigation:/home/vini/ros2_ws/install/localization:/home/vini/ros2_ws/install/four_wheel_robot_description:${AMENT_PREFIX_PATH} CMAKE_PREFIX_PATH=/home/vini/ros2_ws/install/slam_package:/home/vini/ros2_ws/install/navigation:/home/vini/ros2_ws/install/localization:/home/vini/ros2_ws/install/four_wheel_robot_description:/opt/ros/humble /usr/bin/cmake --build /home/vini/ros2_ws/build/bringup -- -j8 -l8
[0.635s] Invoking command in '/home/vini/ros2_ws/build/bringup': AMENT_PREFIX_PATH=/home/vini/ros2_ws/install/slam_package:/home/vini/ros2_ws/install/navigation:/home/vini/ros2_ws/install/localization:/home/vini/ros2_ws/install/four_wheel_robot_description:${AMENT_PREFIX_PATH} CMAKE_PREFIX_PATH=/home/vini/ros2_ws/install/slam_package:/home/vini/ros2_ws/install/navigation:/home/vini/ros2_ws/install/localization:/home/vini/ros2_ws/install/four_wheel_robot_description:/opt/ros/humble /usr/bin/cmake --install /home/vini/ros2_ws/build/bringup
[0.640s] -- Install configuration: ""
[0.640s] -- Execute custom install script
[0.641s] -- Symlinking: /home/vini/ros2_ws/install/bringup/share/bringup/launch/robot_system.launch.py
[0.647s] -- Symlinking: /home/vini/ros2_ws/install/bringup/share/ament_index/resource_index/package_run_dependencies/bringup
[0.654s] -- Symlinking: /home/vini/ros2_ws/install/bringup/share/ament_index/resource_index/parent_prefix_path/bringup
[0.660s] -- Symlinking: /home/vini/ros2_ws/install/bringup/share/bringup/environment/ament_prefix_path.sh
[0.667s] -- Symlinking: /home/vini/ros2_ws/install/bringup/share/bringup/environment/ament_prefix_path.dsv
[0.673s] -- Symlinking: /home/vini/ros2_ws/install/bringup/share/bringup/environment/path.sh
[0.680s] -- Symlinking: /home/vini/ros2_ws/install/bringup/share/bringup/environment/path.dsv
[0.687s] -- Symlinking: /home/vini/ros2_ws/install/bringup/share/bringup/local_setup.bash
[0.693s] -- Symlinking: /home/vini/ros2_ws/install/bringup/share/bringup/local_setup.sh
[0.699s] -- Symlinking: /home/vini/ros2_ws/install/bringup/share/bringup/local_setup.zsh
[0.705s] -- Symlinking: /home/vini/ros2_ws/install/bringup/share/bringup/local_setup.dsv
[0.711s] -- Symlinking: /home/vini/ros2_ws/install/bringup/share/bringup/package.dsv
[0.718s] -- Symlinking: /home/vini/ros2_ws/install/bringup/share/ament_index/resource_index/packages/bringup
[0.724s] -- Symlinking: /home/vini/ros2_ws/install/bringup/share/bringup/cmake/bringupConfig.cmake
[0.731s] -- Symlinking: /home/vini/ros2_ws/install/bringup/share/bringup/cmake/bringupConfig-version.cmake
[0.738s] -- Symlinking: /home/vini/ros2_ws/install/bringup/share/bringup/package.xml
[0.746s] Invoked command in '/home/vini/ros2_ws/build/bringup' returned '0': AMENT_PREFIX_PATH=/home/vini/ros2_ws/install/slam_package:/home/vini/ros2_ws/install/navigation:/home/vini/ros2_ws/install/localization:/home/vini/ros2_ws/install/four_wheel_robot_description:${AMENT_PREFIX_PATH} CMAKE_PREFIX_PATH=/home/vini/ros2_ws/install/slam_package:/home/vini/ros2_ws/install/navigation:/home/vini/ros2_ws/install/localization:/home/vini/ros2_ws/install/four_wheel_robot_description:/opt/ros/humble /usr/bin/cmake --install /home/vini/ros2_ws/build/bringup
