[0.014s] Invoking command in '/home/vini/ros2_ws/build/four_wheel_robot_description': CMAKE_PREFIX_PATH=/opt/ros/humble /usr/bin/cmake --build /home/vini/ros2_ws/build/four_wheel_robot_description -- -j8 -l8
[0.030s] -- Found ament_cmake: 1.3.13 (/opt/ros/humble/share/ament_cmake/cmake)
[0.148s] -- Override CMake install command with custom implementation using symlinks instead of copying resources
[0.204s] -- Configuring done
[0.206s] -- Generating done
[0.208s] -- Build files have been written to: /home/vini/ros2_ws/build/four_wheel_robot_description
[0.225s] Invoked command in '/home/vini/ros2_ws/build/four_wheel_robot_description' returned '0': CMAKE_PREFIX_PATH=/opt/ros/humble /usr/bin/cmake --build /home/vini/ros2_ws/build/four_wheel_robot_description -- -j8 -l8
[0.233s] Invoking command in '/home/vini/ros2_ws/build/four_wheel_robot_description': CMAKE_PREFIX_PATH=/opt/ros/humble /usr/bin/cmake --install /home/vini/ros2_ws/build/four_wheel_robot_description
[0.238s] -- Install configuration: ""
[0.238s] -- Execute custom install script
[0.238s] -- Up-to-date symlink: /home/vini/ros2_ws/install/four_wheel_robot_description/share/four_wheel_robot_description/launch/display.launch.py
[0.238s] -- Symlinking: /home/vini/ros2_ws/install/four_wheel_robot_description/share/four_wheel_robot_description/launch/gazebo.launch.py
[0.247s] -- Up-to-date symlink: /home/vini/ros2_ws/install/four_wheel_robot_description/share/four_wheel_robot_description/urdf/robot.urdf.xacro
[0.247s] -- Symlinking: /home/vini/ros2_ws/install/four_wheel_robot_description/share/four_wheel_robot_description/config/controllers.yaml
[0.254s] -- Symlinking: /home/vini/ros2_ws/install/four_wheel_robot_description/share/four_wheel_robot_description/config/robot.rviz
[0.262s] -- Up-to-date symlink: /home/vini/ros2_ws/install/four_wheel_robot_description/share/ament_index/resource_index/package_run_dependencies/four_wheel_robot_description
[0.262s] -- Up-to-date symlink: /home/vini/ros2_ws/install/four_wheel_robot_description/share/ament_index/resource_index/parent_prefix_path/four_wheel_robot_description
[0.262s] -- Up-to-date symlink: /home/vini/ros2_ws/install/four_wheel_robot_description/share/four_wheel_robot_description/environment/ament_prefix_path.sh
[0.262s] -- Up-to-date symlink: /home/vini/ros2_ws/install/four_wheel_robot_description/share/four_wheel_robot_description/environment/ament_prefix_path.dsv
[0.262s] -- Up-to-date symlink: /home/vini/ros2_ws/install/four_wheel_robot_description/share/four_wheel_robot_description/environment/path.sh
[0.262s] -- Up-to-date symlink: /home/vini/ros2_ws/install/four_wheel_robot_description/share/four_wheel_robot_description/environment/path.dsv
[0.262s] -- Up-to-date symlink: /home/vini/ros2_ws/install/four_wheel_robot_description/share/four_wheel_robot_description/local_setup.bash
[0.262s] -- Up-to-date symlink: /home/vini/ros2_ws/install/four_wheel_robot_description/share/four_wheel_robot_description/local_setup.sh
[0.262s] -- Up-to-date symlink: /home/vini/ros2_ws/install/four_wheel_robot_description/share/four_wheel_robot_description/local_setup.zsh
[0.262s] -- Up-to-date symlink: /home/vini/ros2_ws/install/four_wheel_robot_description/share/four_wheel_robot_description/local_setup.dsv
[0.262s] -- Symlinking: /home/vini/ros2_ws/install/four_wheel_robot_description/share/four_wheel_robot_description/package.dsv
[0.269s] -- Up-to-date symlink: /home/vini/ros2_ws/install/four_wheel_robot_description/share/ament_index/resource_index/packages/four_wheel_robot_description
[0.269s] -- Up-to-date symlink: /home/vini/ros2_ws/install/four_wheel_robot_description/share/four_wheel_robot_description/cmake/four_wheel_robot_descriptionConfig.cmake
[0.269s] -- Up-to-date symlink: /home/vini/ros2_ws/install/four_wheel_robot_description/share/four_wheel_robot_description/cmake/four_wheel_robot_descriptionConfig-version.cmake
[0.270s] -- Up-to-date symlink: /home/vini/ros2_ws/install/four_wheel_robot_description/share/four_wheel_robot_description/package.xml
[0.271s] Invoked command in '/home/vini/ros2_ws/build/four_wheel_robot_description' returned '0': CMAKE_PREFIX_PATH=/opt/ros/humble /usr/bin/cmake --install /home/vini/ros2_ws/build/four_wheel_robot_description
